[ 2016-04-07T23:42:51+08:00 ] 127.0.0.1 /
INFO: [ app_init ] --START--
INFO: Run Behavior\BuildLiteBehavior [ RunTime:0.187500s ]
SQL: SHOW COLUMNS FROM `fc_admin_setting` [ RunTime:0.0469s ]
SQL: SELECT * FROM `fc_admin_setting` WHERE `id` = 1 LIMIT 1   [ RunTime:0.0313s ]
SQL: SHOW COLUMNS FROM `fc_admin_cache` [ RunTime:0.0000s ]
SQL: SELECT COUNT(*) AS tp_count FROM `fc_admin_cache` WHERE `name` = '0c326503ba389299af39f94bddd908f1' LIMIT 1   [ RunTime:0.0469s ]
SQL: INSERT INTO `fc_admin_cache` (`name`,`title`,`namespace`,`function`,`args`,`creattime`,`long`,`clear`) VALUES ('0c326503ba389299af39f94bddd908f1','系统设置缓存','Admin\\Model\\SettingModel','getSetting','a:1:{i:0;i:1;}','1460043770','0','0') [ RunTime:0.0156s ]
INFO: Run Admin\Behavior\SystemConfigBehavior [ RunTime:0.312500s ]
INFO: [ app_init ] --END-- [ RunTime:0.515625s ]
INFO: [ app_begin ] --START--
INFO: Run Behavior\ReadHtmlCacheBehavior [ RunTime:0.000000s ]
INFO: Run Admin\Behavior\RecordBeginBehavior [ RunTime:0.000000s ]
INFO: [ app_begin ] --END-- [ RunTime:0.000000s ]
SQL: SELECT * FROM `fc_admin_setting` WHERE `id` = 5 LIMIT 1   [ RunTime:0.0000s ]
SQL: SELECT COUNT(*) AS tp_count FROM `fc_admin_cache` WHERE `name` = 'b9a430006575f0e99a46432ac7fee877' LIMIT 1   [ RunTime:0.0000s ]
SQL: INSERT INTO `fc_admin_cache` (`name`,`title`,`namespace`,`function`,`args`,`creattime`,`long`,`clear`) VALUES ('b9a430006575f0e99a46432ac7fee877','网站基本信息缓存','Admin\\Model\\SettingModel','getSetting','a:1:{i:0;i:5;}','1460043770','0','0') [ RunTime:0.0313s ]
SQL: SHOW COLUMNS FROM `fc_content_category` [ RunTime:0.0156s ]
SQL: SHOW COLUMNS FROM `fc_content_nav` [ RunTime:0.0000s ]
SQL: SELECT * FROM `fc_content_nav` WHERE ( status=1 )  [ RunTime:0.0000s ]
SQL: SELECT * FROM `fc_admin_setting` WHERE `id` = 4 LIMIT 1   [ RunTime:0.0000s ]
SQL: SELECT COUNT(*) AS tp_count FROM `fc_admin_cache` WHERE `name` = '7af53c4f36d8f780a502a5e5c482a865' LIMIT 1   [ RunTime:0.0000s ]
SQL: INSERT INTO `fc_admin_cache` (`name`,`title`,`namespace`,`function`,`args`,`creattime`,`long`,`clear`) VALUES ('7af53c4f36d8f780a502a5e5c482a865','网站首页SEO缓存','Admin\\Model\\SettingModel','getSetting','a:1:{i:0;i:4;}','1460043770','0','0') [ RunTime:0.0000s ]
SQL: SHOW COLUMNS FROM `fc_plug_block` [ RunTime:0.0156s ]
SQL: SHOW COLUMNS FROM `fc_plug_block_content` [ RunTime:0.0000s ]
SQL: SELECT `content` FROM `fc_plug_block_content` WHERE `id` = 1 LIMIT 1   [ RunTime:0.0000s ]
INFO: [ view_parse ] --START--
INFO: [ template_filter ] --START--
INFO: Run Behavior\ContentReplaceBehavior [ RunTime:0.000000s ]
INFO: [ template_filter ] --END-- [ RunTime:0.000000s ]
SQL: SELECT `id`,`name`,`url` FROM `fc_content_category` WHERE `display` = 1 AND `status` = 1 AND `parentid` = 0 ORDER BY listorder DESC  [ RunTime:0.0000s ]
NOTIC: [8] Undefined variable: catid D:\Program Files\PHPStudy\WWW\Runtime\Cache\Home\fb35dbe2dfa591e5d0ea588802246145.php 第 31 行.
NOTIC: [8] Undefined variable: parentid D:\Program Files\PHPStudy\WWW\Runtime\Cache\Home\fb35dbe2dfa591e5d0ea588802246145.php 第 31 行.
NOTIC: [8] Undefined variable: catid D:\Program Files\PHPStudy\WWW\Runtime\Cache\Home\fb35dbe2dfa591e5d0ea588802246145.php 第 31 行.
NOTIC: [8] Undefined variable: parentid D:\Program Files\PHPStudy\WWW\Runtime\Cache\Home\fb35dbe2dfa591e5d0ea588802246145.php 第 31 行.
NOTIC: [8] Undefined variable: catid D:\Program Files\PHPStudy\WWW\Runtime\Cache\Home\fb35dbe2dfa591e5d0ea588802246145.php 第 31 行.
NOTIC: [8] Undefined variable: parentid D:\Program Files\PHPStudy\WWW\Runtime\Cache\Home\fb35dbe2dfa591e5d0ea588802246145.php 第 31 行.
NOTIC: [8] Undefined variable: catid D:\Program Files\PHPStudy\WWW\Runtime\Cache\Home\fb35dbe2dfa591e5d0ea588802246145.php 第 31 行.
NOTIC: [8] Undefined variable: parentid D:\Program Files\PHPStudy\WWW\Runtime\Cache\Home\fb35dbe2dfa591e5d0ea588802246145.php 第 31 行.
NOTIC: [8] Undefined variable: catid D:\Program Files\PHPStudy\WWW\Runtime\Cache\Home\fb35dbe2dfa591e5d0ea588802246145.php 第 31 行.
NOTIC: [8] Undefined variable: parentid D:\Program Files\PHPStudy\WWW\Runtime\Cache\Home\fb35dbe2dfa591e5d0ea588802246145.php 第 31 行.
NOTIC: [8] Undefined variable: catid D:\Program Files\PHPStudy\WWW\Runtime\Cache\Home\fb35dbe2dfa591e5d0ea588802246145.php 第 31 行.
NOTIC: [8] Undefined variable: parentid D:\Program Files\PHPStudy\WWW\Runtime\Cache\Home\fb35dbe2dfa591e5d0ea588802246145.php 第 31 行.
NOTIC: [2] Missing argument 2 for Content\Model\ContentModel::getContentList(), called in D:\Program Files\PHPStudy\WWW\Runtime\Cache\Home\fb35dbe2dfa591e5d0ea588802246145.php on line 57 and defined D:\Program Files\PHPStudy\WWW\Modules\Content\Model\ContentModel.class.php 第 149 行.
NOTIC: [2] Missing argument 3 for Content\Model\ContentModel::getContentList(), called in D:\Program Files\PHPStudy\WWW\Runtime\Cache\Home\fb35dbe2dfa591e5d0ea588802246145.php on line 57 and defined D:\Program Files\PHPStudy\WWW\Modules\Content\Model\ContentModel.class.php 第 149 行.
NOTIC: [2] Missing argument 4 for Content\Model\ContentModel::getContentList(), called in D:\Program Files\PHPStudy\WWW\Runtime\Cache\Home\fb35dbe2dfa591e5d0ea588802246145.php on line 57 and defined D:\Program Files\PHPStudy\WWW\Modules\Content\Model\ContentModel.class.php 第 149 行.
NOTIC: [2] Missing argument 5 for Content\Model\ContentModel::getContentList(), called in D:\Program Files\PHPStudy\WWW\Runtime\Cache\Home\fb35dbe2dfa591e5d0ea588802246145.php on line 57 and defined D:\Program Files\PHPStudy\WWW\Modules\Content\Model\ContentModel.class.php 第 149 行.
NOTIC: [2] Missing argument 6 for Content\Model\ContentModel::getContentList(), called in D:\Program Files\PHPStudy\WWW\Runtime\Cache\Home\fb35dbe2dfa591e5d0ea588802246145.php on line 57 and defined D:\Program Files\PHPStudy\WWW\Modules\Content\Model\ContentModel.class.php 第 149 行.
NOTIC: [2] Missing argument 7 for Content\Model\ContentModel::getContentList(), called in D:\Program Files\PHPStudy\WWW\Runtime\Cache\Home\fb35dbe2dfa591e5d0ea588802246145.php on line 57 and defined D:\Program Files\PHPStudy\WWW\Modules\Content\Model\ContentModel.class.php 第 149 行.
NOTIC: [2] Missing argument 8 for Content\Model\ContentModel::getContentList(), called in D:\Program Files\PHPStudy\WWW\Runtime\Cache\Home\fb35dbe2dfa591e5d0ea588802246145.php on line 57 and defined D:\Program Files\PHPStudy\WWW\Modules\Content\Model\ContentModel.class.php 第 149 行.
NOTIC: [2] Missing argument 9 for Content\Model\ContentModel::getContentList(), called in D:\Program Files\PHPStudy\WWW\Runtime\Cache\Home\fb35dbe2dfa591e5d0ea588802246145.php on line 57 and defined D:\Program Files\PHPStudy\WWW\Modules\Content\Model\ContentModel.class.php 第 149 行.
NOTIC: [8] Undefined variable: num D:\Program Files\PHPStudy\WWW\Modules\Content\Model\ContentModel.class.php 第 153 行.
NOTIC: [8] Undefined variable: order D:\Program Files\PHPStudy\WWW\Modules\Content\Model\ContentModel.class.php 第 154 行.
NOTIC: [8] Undefined variable: ispage D:\Program Files\PHPStudy\WWW\Modules\Content\Model\ContentModel.class.php 第 155 行.
NOTIC: [8] Undefined variable: condition D:\Program Files\PHPStudy\WWW\Modules\Content\Model\ContentModel.class.php 第 156 行.
SQL: SHOW COLUMNS FROM `fc_content_model` [ RunTime:0.0156s ]
SQL: SELECT `tablename` FROM `fc_content_model` WHERE ( modelid=1 ) LIMIT 1   [ RunTime:0.0000s ]
SQL: SHOW COLUMNS FROM `fc_content_news` [ RunTime:0.0000s ]
NOTIC: [8] Undefined index: a.disdel D:\Program Files\PHPStudy\WWW\Modules\Content\Model\ContentModel.class.php 第 163 行.
SQL: SHOW COLUMNS FROM `fc_content_category` [ RunTime:0.0000s ]
SQL: SELECT `path` FROM `fc_content_category` WHERE `id` = 1 LIMIT 1   [ RunTime:0.0000s ]
NOTIC: [8] Undefined variable: posid D:\Program Files\PHPStudy\WWW\Modules\Content\Model\ContentModel.class.php 第 177 行.
NOTIC: [8] Undefined variable: isimage D:\Program Files\PHPStudy\WWW\Modules\Content\Model\ContentModel.class.php 第 189 行.
NOTIC: [8] Undefined variable: addfields D:\Program Files\PHPStudy\WWW\Modules\Content\Model\ContentModel.class.php 第 220 行.
SQL: SELECT a.*,b.name as catname FROM fc_content_news as a LEFT JOIN fc_content_category as b on a.catid=b.id  WHERE a.status = 99 AND a.disdel = 0 AND (  b.path LIKE '-0-1-%' OR a.catid = 1 ) ORDER BY updatetime DESC LIMIT 10   [ RunTime:0.0000s ]
SQL: SELECT `id`,`name`,`url` FROM `fc_content_category` WHERE `display` = 1 AND `status` = 1 AND `parentid` = 6 ORDER BY listorder DESC  [ RunTime:0.0000s ]
SQL: SELECT `id`,`name`,`url` FROM `fc_content_category` WHERE `display` = 1 AND `status` = 1 AND `parentid` = 10 ORDER BY listorder DESC  [ RunTime:0.0000s ]
SQL: SELECT `id`,`name`,`url` FROM `fc_content_category` WHERE `display` = 1 AND `status` = 1 AND `parentid` = 2 ORDER BY listorder DESC  [ RunTime:0.0000s ]
SQL: SELECT `id`,`name`,`url` FROM `fc_content_category` WHERE `display` = 1 AND `status` = 1 AND `parentid` = 14 ORDER BY listorder DESC  [ RunTime:0.0000s ]
SQL: SELECT `id`,`name`,`url` FROM `fc_content_category` WHERE `display` = 1 AND `status` = 1 AND `parentid` = 16 ORDER BY listorder DESC  [ RunTime:0.0000s ]
SQL: SELECT `id`,`name`,`url` FROM `fc_content_category` WHERE `display` = 1 AND `status` = 1 AND `parentid` = 1 ORDER BY listorder DESC  [ RunTime:0.0000s ]
SQL: SELECT `id`,`name`,`url` FROM `fc_content_category` WHERE `display` = 1 AND `status` = 1 AND `parentid` = 6 ORDER BY listorder DESC  [ RunTime:0.0000s ]
NOTIC: [2] Missing argument 2 for Content\Model\ContentModel::getContentList(), called in D:\Program Files\PHPStudy\WWW\Runtime\Cache\Home\fb35dbe2dfa591e5d0ea588802246145.php on line 155 and defined D:\Program Files\PHPStudy\WWW\Modules\Content\Model\ContentModel.class.php 第 149 行.
NOTIC: [2] Missing argument 3 for Content\Model\ContentModel::getContentList(), called in D:\Program Files\PHPStudy\WWW\Runtime\Cache\Home\fb35dbe2dfa591e5d0ea588802246145.php on line 155 and defined D:\Program Files\PHPStudy\WWW\Modules\Content\Model\ContentModel.class.php 第 149 行.
NOTIC: [2] Missing argument 4 for Content\Model\ContentModel::getContentList(), called in D:\Program Files\PHPStudy\WWW\Runtime\Cache\Home\fb35dbe2dfa591e5d0ea588802246145.php on line 155 and defined D:\Program Files\PHPStudy\WWW\Modules\Content\Model\ContentModel.class.php 第 149 行.
NOTIC: [2] Missing argument 5 for Content\Model\ContentModel::getContentList(), called in D:\Program Files\PHPStudy\WWW\Runtime\Cache\Home\fb35dbe2dfa591e5d0ea588802246145.php on line 155 and defined D:\Program Files\PHPStudy\WWW\Modules\Content\Model\ContentModel.class.php 第 149 行.
NOTIC: [2] Missing argument 6 for Content\Model\ContentModel::getContentList(), called in D:\Program Files\PHPStudy\WWW\Runtime\Cache\Home\fb35dbe2dfa591e5d0ea588802246145.php on line 155 and defined D:\Program Files\PHPStudy\WWW\Modules\Content\Model\ContentModel.class.php 第 149 行.
NOTIC: [2] Missing argument 7 for Content\Model\ContentModel::getContentList(), called in D:\Program Files\PHPStudy\WWW\Runtime\Cache\Home\fb35dbe2dfa591e5d0ea588802246145.php on line 155 and defined D:\Program Files\PHPStudy\WWW\Modules\Content\Model\ContentModel.class.php 第 149 行.
NOTIC: [2] Missing argument 8 for Content\Model\ContentModel::getContentList(), called in D:\Program Files\PHPStudy\WWW\Runtime\Cache\Home\fb35dbe2dfa591e5d0ea588802246145.php on line 155 and defined D:\Program Files\PHPStudy\WWW\Modules\Content\Model\ContentModel.class.php 第 149 行.
NOTIC: [2] Missing argument 9 for Content\Model\ContentModel::getContentList(), called in D:\Program Files\PHPStudy\WWW\Runtime\Cache\Home\fb35dbe2dfa591e5d0ea588802246145.php on line 155 and defined D:\Program Files\PHPStudy\WWW\Modules\Content\Model\ContentModel.class.php 第 149 行.
NOTIC: [8] Undefined variable: num D:\Program Files\PHPStudy\WWW\Modules\Content\Model\ContentModel.class.php 第 153 行.
NOTIC: [8] Undefined variable: order D:\Program Files\PHPStudy\WWW\Modules\Content\Model\ContentModel.class.php 第 154 行.
NOTIC: [8] Undefined variable: ispage D:\Program Files\PHPStudy\WWW\Modules\Content\Model\ContentModel.class.php 第 155 行.
NOTIC: [8] Undefined variable: condition D:\Program Files\PHPStudy\WWW\Modules\Content\Model\ContentModel.class.php 第 156 行.
SQL: SELECT `tablename` FROM `fc_content_model` WHERE ( modelid=10 ) LIMIT 1   [ RunTime:0.0000s ]
SQL: SHOW COLUMNS FROM `fc_content_product` [ RunTime:0.0156s ]
SQL: SELECT `path` FROM `fc_content_category` WHERE `id` = 9 LIMIT 1   [ RunTime:0.0000s ]
NOTIC: [8] Undefined variable: posid D:\Program Files\PHPStudy\WWW\Modules\Content\Model\ContentModel.class.php 第 177 行.
NOTIC: [8] Undefined variable: isimage D:\Program Files\PHPStudy\WWW\Modules\Content\Model\ContentModel.class.php 第 189 行.
NOTIC: [8] Undefined variable: addfields D:\Program Files\PHPStudy\WWW\Modules\Content\Model\ContentModel.class.php 第 220 行.
SQL: SELECT a.*,b.name as catname FROM fc_content_product as a LEFT JOIN fc_content_category as b on a.catid=b.id  WHERE a.status = 99 AND (  b.path LIKE '-0-6-9-%' OR a.catid = '9' ) ORDER BY updatetime DESC LIMIT 10   [ RunTime:0.0000s ]
NOTIC: [2] Missing argument 2 for Content\Model\ContentModel::getContentList(), called in D:\Program Files\PHPStudy\WWW\Runtime\Cache\Home\fb35dbe2dfa591e5d0ea588802246145.php on line 155 and defined D:\Program Files\PHPStudy\WWW\Modules\Content\Model\ContentModel.class.php 第 149 行.
NOTIC: [2] Missing argument 3 for Content\Model\ContentModel::getContentList(), called in D:\Program Files\PHPStudy\WWW\Runtime\Cache\Home\fb35dbe2dfa591e5d0ea588802246145.php on line 155 and defined D:\Program Files\PHPStudy\WWW\Modules\Content\Model\ContentModel.class.php 第 149 行.
NOTIC: [2] Missing argument 4 for Content\Model\ContentModel::getContentList(), called in D:\Program Files\PHPStudy\WWW\Runtime\Cache\Home\fb35dbe2dfa591e5d0ea588802246145.php on line 155 and defined D:\Program Files\PHPStudy\WWW\Modules\Content\Model\ContentModel.class.php 第 149 行.
NOTIC: [2] Missing argument 5 for Content\Model\ContentModel::getContentList(), called in D:\Program Files\PHPStudy\WWW\Runtime\Cache\Home\fb35dbe2dfa591e5d0ea588802246145.php on line 155 and defined D:\Program Files\PHPStudy\WWW\Modules\Content\Model\ContentModel.class.php 第 149 行.
NOTIC: [2] Missing argument 6 for Content\Model\ContentModel::getContentList(), called in D:\Program Files\PHPStudy\WWW\Runtime\Cache\Home\fb35dbe2dfa591e5d0ea588802246145.php on line 155 and defined D:\Program Files\PHPStudy\WWW\Modules\Content\Model\ContentModel.class.php 第 149 行.
NOTIC: [2] Missing argument 7 for Content\Model\ContentModel::getContentList(), called in D:\Program Files\PHPStudy\WWW\Runtime\Cache\Home\fb35dbe2dfa591e5d0ea588802246145.php on line 155 and defined D:\Program Files\PHPStudy\WWW\Modules\Content\Model\ContentModel.class.php 第 149 行.
NOTIC: [2] Missing argument 8 for Content\Model\ContentModel::getContentList(), called in D:\Program Files\PHPStudy\WWW\Runtime\Cache\Home\fb35dbe2dfa591e5d0ea588802246145.php on line 155 and defined D:\Program Files\PHPStudy\WWW\Modules\Content\Model\ContentModel.class.php 第 149 行.
NOTIC: [2] Missing argument 9 for Content\Model\ContentModel::getContentList(), called in D:\Program Files\PHPStudy\WWW\Runtime\Cache\Home\fb35dbe2dfa591e5d0ea588802246145.php on line 155 and defined D:\Program Files\PHPStudy\WWW\Modules\Content\Model\ContentModel.class.php 第 149 行.
NOTIC: [8] Undefined variable: num D:\Program Files\PHPStudy\WWW\Modules\Content\Model\ContentModel.class.php 第 153 行.
NOTIC: [8] Undefined variable: order D:\Program Files\PHPStudy\WWW\Modules\Content\Model\ContentModel.class.php 第 154 行.
NOTIC: [8] Undefined variable: ispage D:\Program Files\PHPStudy\WWW\Modules\Content\Model\ContentModel.class.php 第 155 行.
NOTIC: [8] Undefined variable: condition D:\Program Files\PHPStudy\WWW\Modules\Content\Model\ContentModel.class.php 第 156 行.
SQL: SELECT `tablename` FROM `fc_content_model` WHERE ( modelid=10 ) LIMIT 1   [ RunTime:0.0000s ]
SQL: SELECT `path` FROM `fc_content_category` WHERE `id` = 8 LIMIT 1   [ RunTime:0.0000s ]
NOTIC: [8] Undefined variable: posid D:\Program Files\PHPStudy\WWW\Modules\Content\Model\ContentModel.class.php 第 177 行.
NOTIC: [8] Undefined variable: isimage D:\Program Files\PHPStudy\WWW\Modules\Content\Model\ContentModel.class.php 第 189 行.
NOTIC: [8] Undefined variable: addfields D:\Program Files\PHPStudy\WWW\Modules\Content\Model\ContentModel.class.php 第 220 行.
SQL: SELECT a.*,b.name as catname FROM fc_content_product as a LEFT JOIN fc_content_category as b on a.catid=b.id  WHERE a.status = 99 AND (  b.path LIKE '-0-6-8-%' OR a.catid = '8' ) ORDER BY updatetime DESC LIMIT 10   [ RunTime:0.0000s ]
NOTIC: [2] Missing argument 2 for Content\Model\ContentModel::getContentList(), called in D:\Program Files\PHPStudy\WWW\Runtime\Cache\Home\fb35dbe2dfa591e5d0ea588802246145.php on line 155 and defined D:\Program Files\PHPStudy\WWW\Modules\Content\Model\ContentModel.class.php 第 149 行.
NOTIC: [2] Missing argument 3 for Content\Model\ContentModel::getContentList(), called in D:\Program Files\PHPStudy\WWW\Runtime\Cache\Home\fb35dbe2dfa591e5d0ea588802246145.php on line 155 and defined D:\Program Files\PHPStudy\WWW\Modules\Content\Model\ContentModel.class.php 第 149 行.
NOTIC: [2] Missing argument 4 for Content\Model\ContentModel::getContentList(), called in D:\Program Files\PHPStudy\WWW\Runtime\Cache\Home\fb35dbe2dfa591e5d0ea588802246145.php on line 155 and defined D:\Program Files\PHPStudy\WWW\Modules\Content\Model\ContentModel.class.php 第 149 行.
NOTIC: [2] Missing argument 5 for Content\Model\ContentModel::getContentList(), called in D:\Program Files\PHPStudy\WWW\Runtime\Cache\Home\fb35dbe2dfa591e5d0ea588802246145.php on line 155 and defined D:\Program Files\PHPStudy\WWW\Modules\Content\Model\ContentModel.class.php 第 149 行.
NOTIC: [2] Missing argument 6 for Content\Model\ContentModel::getContentList(), called in D:\Program Files\PHPStudy\WWW\Runtime\Cache\Home\fb35dbe2dfa591e5d0ea588802246145.php on line 155 and defined D:\Program Files\PHPStudy\WWW\Modules\Content\Model\ContentModel.class.php 第 149 行.
NOTIC: [2] Missing argument 7 for Content\Model\ContentModel::getContentList(), called in D:\Program Files\PHPStudy\WWW\Runtime\Cache\Home\fb35dbe2dfa591e5d0ea588802246145.php on line 155 and defined D:\Program Files\PHPStudy\WWW\Modules\Content\Model\ContentModel.class.php 第 149 行.
NOTIC: [2] Missing argument 8 for Content\Model\ContentModel::getContentList(), called in D:\Program Files\PHPStudy\WWW\Runtime\Cache\Home\fb35dbe2dfa591e5d0ea588802246145.php on line 155 and defined D:\Program Files\PHPStudy\WWW\Modules\Content\Model\ContentModel.class.php 第 149 行.
NOTIC: [2] Missing argument 9 for Content\Model\ContentModel::getContentList(), called in D:\Program Files\PHPStudy\WWW\Runtime\Cache\Home\fb35dbe2dfa591e5d0ea588802246145.php on line 155 and defined D:\Program Files\PHPStudy\WWW\Modules\Content\Model\ContentModel.class.php 第 149 行.
NOTIC: [8] Undefined variable: num D:\Program Files\PHPStudy\WWW\Modules\Content\Model\ContentModel.class.php 第 153 行.
NOTIC: [8] Undefined variable: order D:\Program Files\PHPStudy\WWW\Modules\Content\Model\ContentModel.class.php 第 154 行.
NOTIC: [8] Undefined variable: ispage D:\Program Files\PHPStudy\WWW\Modules\Content\Model\ContentModel.class.php 第 155 行.
NOTIC: [8] Undefined variable: condition D:\Program Files\PHPStudy\WWW\Modules\Content\Model\ContentModel.class.php 第 156 行.
SQL: SELECT `tablename` FROM `fc_content_model` WHERE ( modelid=10 ) LIMIT 1   [ RunTime:0.0000s ]
SQL: SELECT `path` FROM `fc_content_category` WHERE `id` = 7 LIMIT 1   [ RunTime:0.0000s ]
NOTIC: [8] Undefined variable: posid D:\Program Files\PHPStudy\WWW\Modules\Content\Model\ContentModel.class.php 第 177 行.
NOTIC: [8] Undefined variable: isimage D:\Program Files\PHPStudy\WWW\Modules\Content\Model\ContentModel.class.php 第 189 行.
NOTIC: [8] Undefined variable: addfields D:\Program Files\PHPStudy\WWW\Modules\Content\Model\ContentModel.class.php 第 220 行.
SQL: SELECT a.*,b.name as catname FROM fc_content_product as a LEFT JOIN fc_content_category as b on a.catid=b.id  WHERE a.status = 99 AND (  b.path LIKE '-0-6-7-%' OR a.catid = '7' ) ORDER BY updatetime DESC LIMIT 10   [ RunTime:0.0000s ]
SQL: SELECT `id`,`name`,`url` FROM `fc_content_category` WHERE `display` = 1 AND `status` = 1 AND `parentid` = 10 ORDER BY listorder DESC  [ RunTime:0.0000s ]
NOTIC: [2] Missing argument 2 for Content\Model\ContentModel::getContentList(), called in D:\Program Files\PHPStudy\WWW\Runtime\Cache\Home\fb35dbe2dfa591e5d0ea588802246145.php on line 199 and defined D:\Program Files\PHPStudy\WWW\Modules\Content\Model\ContentModel.class.php 第 149 行.
NOTIC: [2] Missing argument 3 for Content\Model\ContentModel::getContentList(), called in D:\Program Files\PHPStudy\WWW\Runtime\Cache\Home\fb35dbe2dfa591e5d0ea588802246145.php on line 199 and defined D:\Program Files\PHPStudy\WWW\Modules\Content\Model\ContentModel.class.php 第 149 行.
NOTIC: [2] Missing argument 4 for Content\Model\ContentModel::getContentList(), called in D:\Program Files\PHPStudy\WWW\Runtime\Cache\Home\fb35dbe2dfa591e5d0ea588802246145.php on line 199 and defined D:\Program Files\PHPStudy\WWW\Modules\Content\Model\ContentModel.class.php 第 149 行.
NOTIC: [2] Missing argument 5 for Content\Model\ContentModel::getContentList(), called in D:\Program Files\PHPStudy\WWW\Runtime\Cache\Home\fb35dbe2dfa591e5d0ea588802246145.php on line 199 and defined D:\Program Files\PHPStudy\WWW\Modules\Content\Model\ContentModel.class.php 第 149 行.
NOTIC: [2] Missing argument 6 for Content\Model\ContentModel::getContentList(), called in D:\Program Files\PHPStudy\WWW\Runtime\Cache\Home\fb35dbe2dfa591e5d0ea588802246145.php on line 199 and defined D:\Program Files\PHPStudy\WWW\Modules\Content\Model\ContentModel.class.php 第 149 行.
NOTIC: [2] Missing argument 7 for Content\Model\ContentModel::getContentList(), called in D:\Program Files\PHPStudy\WWW\Runtime\Cache\Home\fb35dbe2dfa591e5d0ea588802246145.php on line 199 and defined D:\Program Files\PHPStudy\WWW\Modules\Content\Model\ContentModel.class.php 第 149 行.
NOTIC: [2] Missing argument 8 for Content\Model\ContentModel::getContentList(), called in D:\Program Files\PHPStudy\WWW\Runtime\Cache\Home\fb35dbe2dfa591e5d0ea588802246145.php on line 199 and defined D:\Program Files\PHPStudy\WWW\Modules\Content\Model\ContentModel.class.php 第 149 行.
NOTIC: [2] Missing argument 9 for Content\Model\ContentModel::getContentList(), called in D:\Program Files\PHPStudy\WWW\Runtime\Cache\Home\fb35dbe2dfa591e5d0ea588802246145.php on line 199 and defined D:\Program Files\PHPStudy\WWW\Modules\Content\Model\ContentModel.class.php 第 149 行.
NOTIC: [8] Undefined variable: num D:\Program Files\PHPStudy\WWW\Modules\Content\Model\ContentModel.class.php 第 153 行.
NOTIC: [8] Undefined variable: order D:\Program Files\PHPStudy\WWW\Modules\Content\Model\ContentModel.class.php 第 154 行.
NOTIC: [8] Undefined variable: ispage D:\Program Files\PHPStudy\WWW\Modules\Content\Model\ContentModel.class.php 第 155 行.
NOTIC: [8] Undefined variable: condition D:\Program Files\PHPStudy\WWW\Modules\Content\Model\ContentModel.class.php 第 156 行.
SQL: SELECT `tablename` FROM `fc_content_model` WHERE ( modelid=11 ) LIMIT 1   [ RunTime:0.0000s ]
SQL: SHOW COLUMNS FROM `fc_content_case` [ RunTime:0.0156s ]
SQL: SELECT `path` FROM `fc_content_category` WHERE `id` = 13 LIMIT 1   [ RunTime:0.0000s ]
NOTIC: [8] Undefined variable: posid D:\Program Files\PHPStudy\WWW\Modules\Content\Model\ContentModel.class.php 第 177 行.
NOTIC: [8] Undefined variable: isimage D:\Program Files\PHPStudy\WWW\Modules\Content\Model\ContentModel.class.php 第 189 行.
NOTIC: [8] Undefined variable: addfields D:\Program Files\PHPStudy\WWW\Modules\Content\Model\ContentModel.class.php 第 220 行.
SQL: SELECT a.*,b.name as catname FROM fc_content_case as a LEFT JOIN fc_content_category as b on a.catid=b.id  WHERE a.status = 99 AND (  b.path LIKE '-0-10-13-%' OR a.catid = '13' ) ORDER BY updatetime DESC LIMIT 10   [ RunTime:0.0000s ]
NOTIC: [2] Missing argument 2 for Content\Model\ContentModel::getContentList(), called in D:\Program Files\PHPStudy\WWW\Runtime\Cache\Home\fb35dbe2dfa591e5d0ea588802246145.php on line 199 and defined D:\Program Files\PHPStudy\WWW\Modules\Content\Model\ContentModel.class.php 第 149 行.
NOTIC: [2] Missing argument 3 for Content\Model\ContentModel::getContentList(), called in D:\Program Files\PHPStudy\WWW\Runtime\Cache\Home\fb35dbe2dfa591e5d0ea588802246145.php on line 199 and defined D:\Program Files\PHPStudy\WWW\Modules\Content\Model\ContentModel.class.php 第 149 行.
NOTIC: [2] Missing argument 4 for Content\Model\ContentModel::getContentList(), called in D:\Program Files\PHPStudy\WWW\Runtime\Cache\Home\fb35dbe2dfa591e5d0ea588802246145.php on line 199 and defined D:\Program Files\PHPStudy\WWW\Modules\Content\Model\ContentModel.class.php 第 149 行.
NOTIC: [2] Missing argument 5 for Content\Model\ContentModel::getContentList(), called in D:\Program Files\PHPStudy\WWW\Runtime\Cache\Home\fb35dbe2dfa591e5d0ea588802246145.php on line 199 and defined D:\Program Files\PHPStudy\WWW\Modules\Content\Model\ContentModel.class.php 第 149 行.
NOTIC: [2] Missing argument 6 for Content\Model\ContentModel::getContentList(), called in D:\Program Files\PHPStudy\WWW\Runtime\Cache\Home\fb35dbe2dfa591e5d0ea588802246145.php on line 199 and defined D:\Program Files\PHPStudy\WWW\Modules\Content\Model\ContentModel.class.php 第 149 行.
NOTIC: [2] Missing argument 7 for Content\Model\ContentModel::getContentList(), called in D:\Program Files\PHPStudy\WWW\Runtime\Cache\Home\fb35dbe2dfa591e5d0ea588802246145.php on line 199 and defined D:\Program Files\PHPStudy\WWW\Modules\Content\Model\ContentModel.class.php 第 149 行.
NOTIC: [2] Missing argument 8 for Content\Model\ContentModel::getContentList(), called in D:\Program Files\PHPStudy\WWW\Runtime\Cache\Home\fb35dbe2dfa591e5d0ea588802246145.php on line 199 and defined D:\Program Files\PHPStudy\WWW\Modules\Content\Model\ContentModel.class.php 第 149 行.
NOTIC: [2] Missing argument 9 for Content\Model\ContentModel::getContentList(), called in D:\Program Files\PHPStudy\WWW\Runtime\Cache\Home\fb35dbe2dfa591e5d0ea588802246145.php on line 199 and defined D:\Program Files\PHPStudy\WWW\Modules\Content\Model\ContentModel.class.php 第 149 行.
NOTIC: [8] Undefined variable: num D:\Program Files\PHPStudy\WWW\Modules\Content\Model\ContentModel.class.php 第 153 行.
NOTIC: [8] Undefined variable: order D:\Program Files\PHPStudy\WWW\Modules\Content\Model\ContentModel.class.php 第 154 行.
NOTIC: [8] Undefined variable: ispage D:\Program Files\PHPStudy\WWW\Modules\Content\Model\ContentModel.class.php 第 155 行.
NOTIC: [8] Undefined variable: condition D:\Program Files\PHPStudy\WWW\Modules\Content\Model\ContentModel.class.php 第 156 行.
SQL: SELECT `tablename` FROM `fc_content_model` WHERE ( modelid=11 ) LIMIT 1   [ RunTime:0.0000s ]
SQL: SELECT `path` FROM `fc_content_category` WHERE `id` = 12 LIMIT 1   [ RunTime:0.0000s ]
NOTIC: [8] Undefined variable: posid D:\Program Files\PHPStudy\WWW\Modules\Content\Model\ContentModel.class.php 第 177 行.
NOTIC: [8] Undefined variable: isimage D:\Program Files\PHPStudy\WWW\Modules\Content\Model\ContentModel.class.php 第 189 行.
NOTIC: [8] Undefined variable: addfields D:\Program Files\PHPStudy\WWW\Modules\Content\Model\ContentModel.class.php 第 220 行.
SQL: SELECT a.*,b.name as catname FROM fc_content_case as a LEFT JOIN fc_content_category as b on a.catid=b.id  WHERE a.status = 99 AND (  b.path LIKE '-0-10-12-%' OR a.catid = '12' ) ORDER BY updatetime DESC LIMIT 10   [ RunTime:0.0000s ]
NOTIC: [2] Missing argument 2 for Content\Model\ContentModel::getContentList(), called in D:\Program Files\PHPStudy\WWW\Runtime\Cache\Home\fb35dbe2dfa591e5d0ea588802246145.php on line 199 and defined D:\Program Files\PHPStudy\WWW\Modules\Content\Model\ContentModel.class.php 第 149 行.
NOTIC: [2] Missing argument 3 for Content\Model\ContentModel::getContentList(), called in D:\Program Files\PHPStudy\WWW\Runtime\Cache\Home\fb35dbe2dfa591e5d0ea588802246145.php on line 199 and defined D:\Program Files\PHPStudy\WWW\Modules\Content\Model\ContentModel.class.php 第 149 行.
NOTIC: [2] Missing argument 4 for Content\Model\ContentModel::getContentList(), called in D:\Program Files\PHPStudy\WWW\Runtime\Cache\Home\fb35dbe2dfa591e5d0ea588802246145.php on line 199 and defined D:\Program Files\PHPStudy\WWW\Modules\Content\Model\ContentModel.class.php 第 149 行.
NOTIC: [2] Missing argument 5 for Content\Model\ContentModel::getContentList(), called in D:\Program Files\PHPStudy\WWW\Runtime\Cache\Home\fb35dbe2dfa591e5d0ea588802246145.php on line 199 and defined D:\Program Files\PHPStudy\WWW\Modules\Content\Model\ContentModel.class.php 第 149 行.
NOTIC: [2] Missing argument 6 for Content\Model\ContentModel::getContentList(), called in D:\Program Files\PHPStudy\WWW\Runtime\Cache\Home\fb35dbe2dfa591e5d0ea588802246145.php on line 199 and defined D:\Program Files\PHPStudy\WWW\Modules\Content\Model\ContentModel.class.php 第 149 行.
NOTIC: [2] Missing argument 7 for Content\Model\ContentModel::getContentList(), called in D:\Program Files\PHPStudy\WWW\Runtime\Cache\Home\fb35dbe2dfa591e5d0ea588802246145.php on line 199 and defined D:\Program Files\PHPStudy\WWW\Modules\Content\Model\ContentModel.class.php 第 149 行.
NOTIC: [2] Missing argument 8 for Content\Model\ContentModel::getContentList(), called in D:\Program Files\PHPStudy\WWW\Runtime\Cache\Home\fb35dbe2dfa591e5d0ea588802246145.php on line 199 and defined D:\Program Files\PHPStudy\WWW\Modules\Content\Model\ContentModel.class.php 第 149 行.
NOTIC: [2] Missing argument 9 for Content\Model\ContentModel::getContentList(), called in D:\Program Files\PHPStudy\WWW\Runtime\Cache\Home\fb35dbe2dfa591e5d0ea588802246145.php on line 199 and defined D:\Program Files\PHPStudy\WWW\Modules\Content\Model\ContentModel.class.php 第 149 行.
NOTIC: [8] Undefined variable: num D:\Program Files\PHPStudy\WWW\Modules\Content\Model\ContentModel.class.php 第 153 行.
NOTIC: [8] Undefined variable: order D:\Program Files\PHPStudy\WWW\Modules\Content\Model\ContentModel.class.php 第 154 行.
NOTIC: [8] Undefined variable: ispage D:\Program Files\PHPStudy\WWW\Modules\Content\Model\ContentModel.class.php 第 155 行.
NOTIC: [8] Undefined variable: condition D:\Program Files\PHPStudy\WWW\Modules\Content\Model\ContentModel.class.php 第 156 行.
SQL: SELECT `tablename` FROM `fc_content_model` WHERE ( modelid=11 ) LIMIT 1   [ RunTime:0.0000s ]
SQL: SELECT `path` FROM `fc_content_category` WHERE `id` = 11 LIMIT 1   [ RunTime:0.0000s ]
NOTIC: [8] Undefined variable: posid D:\Program Files\PHPStudy\WWW\Modules\Content\Model\ContentModel.class.php 第 177 行.
NOTIC: [8] Undefined variable: isimage D:\Program Files\PHPStudy\WWW\Modules\Content\Model\ContentModel.class.php 第 189 行.
NOTIC: [8] Undefined variable: addfields D:\Program Files\PHPStudy\WWW\Modules\Content\Model\ContentModel.class.php 第 220 行.
SQL: SELECT a.*,b.name as catname FROM fc_content_case as a LEFT JOIN fc_content_category as b on a.catid=b.id  WHERE a.status = 99 AND (  b.path LIKE '-0-10-11-%' OR a.catid = '11' ) ORDER BY updatetime DESC LIMIT 10   [ RunTime:0.0000s ]
NOTIC: [2] Missing argument 2 for Content\Model\ContentModel::getContentList(), called in D:\Program Files\PHPStudy\WWW\Runtime\Cache\Home\fb35dbe2dfa591e5d0ea588802246145.php on line 232 and defined D:\Program Files\PHPStudy\WWW\Modules\Content\Model\ContentModel.class.php 第 149 行.
NOTIC: [2] Missing argument 3 for Content\Model\ContentModel::getContentList(), called in D:\Program Files\PHPStudy\WWW\Runtime\Cache\Home\fb35dbe2dfa591e5d0ea588802246145.php on line 232 and defined D:\Program Files\PHPStudy\WWW\Modules\Content\Model\ContentModel.class.php 第 149 行.
NOTIC: [2] Missing argument 4 for Content\Model\ContentModel::getContentList(), called in D:\Program Files\PHPStudy\WWW\Runtime\Cache\Home\fb35dbe2dfa591e5d0ea588802246145.php on line 232 and defined D:\Program Files\PHPStudy\WWW\Modules\Content\Model\ContentModel.class.php 第 149 行.
NOTIC: [2] Missing argument 5 for Content\Model\ContentModel::getContentList(), called in D:\Program Files\PHPStudy\WWW\Runtime\Cache\Home\fb35dbe2dfa591e5d0ea588802246145.php on line 232 and defined D:\Program Files\PHPStudy\WWW\Modules\Content\Model\ContentModel.class.php 第 149 行.
NOTIC: [2] Missing argument 6 for Content\Model\ContentModel::getContentList(), called in D:\Program Files\PHPStudy\WWW\Runtime\Cache\Home\fb35dbe2dfa591e5d0ea588802246145.php on line 232 and defined D:\Program Files\PHPStudy\WWW\Modules\Content\Model\ContentModel.class.php 第 149 行.
NOTIC: [2] Missing argument 7 for Content\Model\ContentModel::getContentList(), called in D:\Program Files\PHPStudy\WWW\Runtime\Cache\Home\fb35dbe2dfa591e5d0ea588802246145.php on line 232 and defined D:\Program Files\PHPStudy\WWW\Modules\Content\Model\ContentModel.class.php 第 149 行.
NOTIC: [2] Missing argument 8 for Content\Model\ContentModel::getContentList(), called in D:\Program Files\PHPStudy\WWW\Runtime\Cache\Home\fb35dbe2dfa591e5d0ea588802246145.php on line 232 and defined D:\Program Files\PHPStudy\WWW\Modules\Content\Model\ContentModel.class.php 第 149 行.
NOTIC: [2] Missing argument 9 for Content\Model\ContentModel::getContentList(), called in D:\Program Files\PHPStudy\WWW\Runtime\Cache\Home\fb35dbe2dfa591e5d0ea588802246145.php on line 232 and defined D:\Program Files\PHPStudy\WWW\Modules\Content\Model\ContentModel.class.php 第 149 行.
NOTIC: [8] Undefined variable: num D:\Program Files\PHPStudy\WWW\Modules\Content\Model\ContentModel.class.php 第 153 行.
NOTIC: [8] Undefined variable: order D:\Program Files\PHPStudy\WWW\Modules\Content\Model\ContentModel.class.php 第 154 行.
NOTIC: [8] Undefined variable: ispage D:\Program Files\PHPStudy\WWW\Modules\Content\Model\ContentModel.class.php 第 155 行.
NOTIC: [8] Undefined variable: condition D:\Program Files\PHPStudy\WWW\Modules\Content\Model\ContentModel.class.php 第 156 行.
SQL: SELECT `tablename` FROM `fc_content_model` WHERE ( modelid=1 ) LIMIT 1   [ RunTime:0.0000s ]
NOTIC: [8] Undefined index: a.disdel D:\Program Files\PHPStudy\WWW\Modules\Content\Model\ContentModel.class.php 第 163 行.
SQL: SELECT `path` FROM `fc_content_category` WHERE `id` = 3 LIMIT 1   [ RunTime:0.0000s ]
NOTIC: [8] Undefined variable: posid D:\Program Files\PHPStudy\WWW\Modules\Content\Model\ContentModel.class.php 第 177 行.
NOTIC: [8] Undefined variable: isimage D:\Program Files\PHPStudy\WWW\Modules\Content\Model\ContentModel.class.php 第 189 行.
NOTIC: [8] Undefined variable: addfields D:\Program Files\PHPStudy\WWW\Modules\Content\Model\ContentModel.class.php 第 220 行.
SQL: SELECT a.*,b.name as catname FROM fc_content_news as a LEFT JOIN fc_content_category as b on a.catid=b.id  WHERE a.status = 99 AND a.disdel = 0 AND (  b.path LIKE '-0-2-3-%' OR a.catid = 3 ) ORDER BY updatetime DESC LIMIT 10   [ RunTime:0.0000s ]
NOTIC: [2] Missing argument 2 for Content\Model\ContentModel::getContentList(), called in D:\Program Files\PHPStudy\WWW\Runtime\Cache\Home\fb35dbe2dfa591e5d0ea588802246145.php on line 253 and defined D:\Program Files\PHPStudy\WWW\Modules\Content\Model\ContentModel.class.php 第 149 行.
NOTIC: [2] Missing argument 3 for Content\Model\ContentModel::getContentList(), called in D:\Program Files\PHPStudy\WWW\Runtime\Cache\Home\fb35dbe2dfa591e5d0ea588802246145.php on line 253 and defined D:\Program Files\PHPStudy\WWW\Modules\Content\Model\ContentModel.class.php 第 149 行.
NOTIC: [2] Missing argument 4 for Content\Model\ContentModel::getContentList(), called in D:\Program Files\PHPStudy\WWW\Runtime\Cache\Home\fb35dbe2dfa591e5d0ea588802246145.php on line 253 and defined D:\Program Files\PHPStudy\WWW\Modules\Content\Model\ContentModel.class.php 第 149 行.
NOTIC: [2] Missing argument 5 for Content\Model\ContentModel::getContentList(), called in D:\Program Files\PHPStudy\WWW\Runtime\Cache\Home\fb35dbe2dfa591e5d0ea588802246145.php on line 253 and defined D:\Program Files\PHPStudy\WWW\Modules\Content\Model\ContentModel.class.php 第 149 行.
NOTIC: [2] Missing argument 6 for Content\Model\ContentModel::getContentList(), called in D:\Program Files\PHPStudy\WWW\Runtime\Cache\Home\fb35dbe2dfa591e5d0ea588802246145.php on line 253 and defined D:\Program Files\PHPStudy\WWW\Modules\Content\Model\ContentModel.class.php 第 149 行.
NOTIC: [2] Missing argument 7 for Content\Model\ContentModel::getContentList(), called in D:\Program Files\PHPStudy\WWW\Runtime\Cache\Home\fb35dbe2dfa591e5d0ea588802246145.php on line 253 and defined D:\Program Files\PHPStudy\WWW\Modules\Content\Model\ContentModel.class.php 第 149 行.
NOTIC: [2] Missing argument 8 for Content\Model\ContentModel::getContentList(), called in D:\Program Files\PHPStudy\WWW\Runtime\Cache\Home\fb35dbe2dfa591e5d0ea588802246145.php on line 253 and defined D:\Program Files\PHPStudy\WWW\Modules\Content\Model\ContentModel.class.php 第 149 行.
NOTIC: [2] Missing argument 9 for Content\Model\ContentModel::getContentList(), called in D:\Program Files\PHPStudy\WWW\Runtime\Cache\Home\fb35dbe2dfa591e5d0ea588802246145.php on line 253 and defined D:\Program Files\PHPStudy\WWW\Modules\Content\Model\ContentModel.class.php 第 149 行.
NOTIC: [8] Undefined variable: num D:\Program Files\PHPStudy\WWW\Modules\Content\Model\ContentModel.class.php 第 153 行.
NOTIC: [8] Undefined variable: order D:\Program Files\PHPStudy\WWW\Modules\Content\Model\ContentModel.class.php 第 154 行.
NOTIC: [8] Undefined variable: ispage D:\Program Files\PHPStudy\WWW\Modules\Content\Model\ContentModel.class.php 第 155 行.
NOTIC: [8] Undefined variable: condition D:\Program Files\PHPStudy\WWW\Modules\Content\Model\ContentModel.class.php 第 156 行.
SQL: SELECT `tablename` FROM `fc_content_model` WHERE ( modelid=1 ) LIMIT 1   [ RunTime:0.0000s ]
NOTIC: [8] Undefined index: a.disdel D:\Program Files\PHPStudy\WWW\Modules\Content\Model\ContentModel.class.php 第 163 行.
SQL: SELECT `path` FROM `fc_content_category` WHERE `id` = 4 LIMIT 1   [ RunTime:0.0000s ]
NOTIC: [8] Undefined variable: posid D:\Program Files\PHPStudy\WWW\Modules\Content\Model\ContentModel.class.php 第 177 行.
NOTIC: [8] Undefined variable: isimage D:\Program Files\PHPStudy\WWW\Modules\Content\Model\ContentModel.class.php 第 189 行.
NOTIC: [8] Undefined variable: addfields D:\Program Files\PHPStudy\WWW\Modules\Content\Model\ContentModel.class.php 第 220 行.
SQL: SELECT a.*,b.name as catname FROM fc_content_news as a LEFT JOIN fc_content_category as b on a.catid=b.id  WHERE a.status = 99 AND a.disdel = 0 AND (  b.path LIKE '-0-2-4-%' OR a.catid = 4 ) ORDER BY updatetime DESC LIMIT 10   [ RunTime:0.0000s ]
NOTIC: [2] Missing argument 2 for Content\Model\ContentModel::getContentList(), called in D:\Program Files\PHPStudy\WWW\Runtime\Cache\Home\fb35dbe2dfa591e5d0ea588802246145.php on line 274 and defined D:\Program Files\PHPStudy\WWW\Modules\Content\Model\ContentModel.class.php 第 149 行.
NOTIC: [2] Missing argument 3 for Content\Model\ContentModel::getContentList(), called in D:\Program Files\PHPStudy\WWW\Runtime\Cache\Home\fb35dbe2dfa591e5d0ea588802246145.php on line 274 and defined D:\Program Files\PHPStudy\WWW\Modules\Content\Model\ContentModel.class.php 第 149 行.
NOTIC: [2] Missing argument 4 for Content\Model\ContentModel::getContentList(), called in D:\Program Files\PHPStudy\WWW\Runtime\Cache\Home\fb35dbe2dfa591e5d0ea588802246145.php on line 274 and defined D:\Program Files\PHPStudy\WWW\Modules\Content\Model\ContentModel.class.php 第 149 行.
NOTIC: [2] Missing argument 5 for Content\Model\ContentModel::getContentList(), called in D:\Program Files\PHPStudy\WWW\Runtime\Cache\Home\fb35dbe2dfa591e5d0ea588802246145.php on line 274 and defined D:\Program Files\PHPStudy\WWW\Modules\Content\Model\ContentModel.class.php 第 149 行.
NOTIC: [2] Missing argument 6 for Content\Model\ContentModel::getContentList(), called in D:\Program Files\PHPStudy\WWW\Runtime\Cache\Home\fb35dbe2dfa591e5d0ea588802246145.php on line 274 and defined D:\Program Files\PHPStudy\WWW\Modules\Content\Model\ContentModel.class.php 第 149 行.
NOTIC: [2] Missing argument 7 for Content\Model\ContentModel::getContentList(), called in D:\Program Files\PHPStudy\WWW\Runtime\Cache\Home\fb35dbe2dfa591e5d0ea588802246145.php on line 274 and defined D:\Program Files\PHPStudy\WWW\Modules\Content\Model\ContentModel.class.php 第 149 行.
NOTIC: [2] Missing argument 8 for Content\Model\ContentModel::getContentList(), called in D:\Program Files\PHPStudy\WWW\Runtime\Cache\Home\fb35dbe2dfa591e5d0ea588802246145.php on line 274 and defined D:\Program Files\PHPStudy\WWW\Modules\Content\Model\ContentModel.class.php 第 149 行.
NOTIC: [2] Missing argument 9 for Content\Model\ContentModel::getContentList(), called in D:\Program Files\PHPStudy\WWW\Runtime\Cache\Home\fb35dbe2dfa591e5d0ea588802246145.php on line 274 and defined D:\Program Files\PHPStudy\WWW\Modules\Content\Model\ContentModel.class.php 第 149 行.
NOTIC: [8] Undefined variable: num D:\Program Files\PHPStudy\WWW\Modules\Content\Model\ContentModel.class.php 第 153 行.
NOTIC: [8] Undefined variable: order D:\Program Files\PHPStudy\WWW\Modules\Content\Model\ContentModel.class.php 第 154 行.
NOTIC: [8] Undefined variable: ispage D:\Program Files\PHPStudy\WWW\Modules\Content\Model\ContentModel.class.php 第 155 行.
NOTIC: [8] Undefined variable: condition D:\Program Files\PHPStudy\WWW\Modules\Content\Model\ContentModel.class.php 第 156 行.
SQL: SELECT `tablename` FROM `fc_content_model` WHERE ( modelid=1 ) LIMIT 1   [ RunTime:0.0000s ]
NOTIC: [8] Undefined index: a.disdel D:\Program Files\PHPStudy\WWW\Modules\Content\Model\ContentModel.class.php 第 163 行.
SQL: SELECT `path` FROM `fc_content_category` WHERE `id` = 15 LIMIT 1   [ RunTime:0.0000s ]
NOTIC: [8] Undefined variable: posid D:\Program Files\PHPStudy\WWW\Modules\Content\Model\ContentModel.class.php 第 177 行.
NOTIC: [8] Undefined variable: isimage D:\Program Files\PHPStudy\WWW\Modules\Content\Model\ContentModel.class.php 第 189 行.
NOTIC: [8] Undefined variable: addfields D:\Program Files\PHPStudy\WWW\Modules\Content\Model\ContentModel.class.php 第 220 行.
SQL: SELECT a.*,b.name as catname FROM fc_content_news as a LEFT JOIN fc_content_category as b on a.catid=b.id  WHERE a.status = 99 AND a.disdel = 0 AND (  b.path LIKE '-0-14-15-%' OR a.catid = 15 ) ORDER BY updatetime DESC LIMIT 10   [ RunTime:0.0000s ]
INFO: Run Behavior\ParseTemplateBehavior [ RunTime:0.390625s ]
INFO: [ view_parse ] --END-- [ RunTime:0.390625s ]
INFO: [ view_filter ] --START--
INFO: Run Behavior\WriteHtmlCacheBehavior [ RunTime:0.000000s ]
INFO: [ view_filter ] --END-- [ RunTime:0.000000s ]
INFO: [ app_end ] --START--
INFO: Run Behavior\ShowPageTraceBehavior [ RunTime:0.000000s ]
INFO: Run Admin\Behavior\RecordEndBehavior [ RunTime:0.000000s ]
INFO: [ app_end ] --END-- [ RunTime:0.000000s ]

[ 2016-04-07T23:43:37+08:00 ] 127.0.0.1 /
INFO: [ app_init ] --START--
INFO: Run Behavior\BuildLiteBehavior [ RunTime:0.000000s ]
SQL: SHOW COLUMNS FROM `fc_admin_setting` [ RunTime:0.0000s ]
INFO: Run Admin\Behavior\SystemConfigBehavior [ RunTime:0.031250s ]
INFO: [ app_init ] --END-- [ RunTime:0.031250s ]
INFO: [ app_begin ] --START--
INFO: Run Behavior\ReadHtmlCacheBehavior [ RunTime:0.000000s ]
INFO: Run Admin\Behavior\RecordBeginBehavior [ RunTime:0.000000s ]
INFO: [ app_begin ] --END-- [ RunTime:0.000000s ]

[ 2016-04-07T23:46:48+08:00 ] 127.0.0.1 /Home/Index/lists/catid/9.html
INFO: [ app_init ] --START--
INFO: Run Behavior\BuildLiteBehavior [ RunTime:0.015625s ]
SQL: SHOW COLUMNS FROM `fc_admin_setting` [ RunTime:0.0000s ]
INFO: Run Admin\Behavior\SystemConfigBehavior [ RunTime:0.078125s ]
INFO: [ app_init ] --END-- [ RunTime:0.093750s ]
INFO: [ app_begin ] --START--
INFO: Run Behavior\ReadHtmlCacheBehavior [ RunTime:0.000000s ]
INFO: Run Admin\Behavior\RecordBeginBehavior [ RunTime:0.000000s ]
INFO: [ app_begin ] --END-- [ RunTime:0.000000s ]
SQL: SELECT * FROM `fc_admin_setting` WHERE `id` = 5 LIMIT 1   [ RunTime:0.0000s ]
SQL: SHOW COLUMNS FROM `fc_admin_cache` [ RunTime:0.0156s ]
SQL: SELECT COUNT(*) AS tp_count FROM `fc_admin_cache` WHERE `name` = 'b9a430006575f0e99a46432ac7fee877' LIMIT 1   [ RunTime:0.0000s ]
NOTIC: [2] Illegal offset type in isset or empty D:\Program Files\PHPStudy\WWW\ThinkPHP\Library\Think\Model.class.php 第 445 行.
SQL: UPDATE `fc_admin_cache` SET `name`='b9a430006575f0e99a46432ac7fee877',`title`='网站基本信息缓存',`namespace`='Admin\\Model\\SettingModel',`function`='getSetting',`args`='a:1:{i:0;i:5;}',`creattime`='1460044008',`long`='0',`clear`='0' WHERE `name` = 'b9a430006575f0e99a46432ac7fee877' [ RunTime:0.0469s ]
SQL: SHOW COLUMNS FROM `fc_content_category` [ RunTime:0.0000s ]
SQL: SHOW COLUMNS FROM `fc_content_nav` [ RunTime:0.0000s ]
SQL: SELECT * FROM `fc_content_nav` WHERE ( status=1 )  [ RunTime:0.0156s ]
SQL: SELECT `name`,`parentid`,`modelids`,`template1` FROM `fc_content_category` WHERE `id` = 9 LIMIT 1   [ RunTime:0.0000s ]
SQL: SELECT * FROM `fc_content_category` ORDER BY listorder DESC  [ RunTime:0.0000s ]
SQL: SHOW COLUMNS FROM `fc_content_category_seo` [ RunTime:0.0000s ]
SQL: SELECT * FROM `fc_content_category_seo` WHERE `catid` = 9 LIMIT 1   [ RunTime:0.0000s ]
INFO: [ view_parse ] --START--
INFO: [ template_filter ] --START--
INFO: Run Behavior\ContentReplaceBehavior [ RunTime:0.000000s ]
INFO: [ template_filter ] --END-- [ RunTime:0.000000s ]
NOTIC: [8] Undefined variable: seo_title D:\Program Files\PHPStudy\WWW\Runtime\Cache\Home\da3158c4df52a152e6f96b4853c6b6a7.php 第 5 行.
NOTIC: [8] Undefined variable: seo_keywords D:\Program Files\PHPStudy\WWW\Runtime\Cache\Home\da3158c4df52a152e6f96b4853c6b6a7.php 第 6 行.
NOTIC: [8] Undefined variable: seo_description D:\Program Files\PHPStudy\WWW\Runtime\Cache\Home\da3158c4df52a152e6f96b4853c6b6a7.php 第 7 行.
NOTIC: [8] Undefined variable: index D:\Program Files\PHPStudy\WWW\Runtime\Cache\Home\da3158c4df52a152e6f96b4853c6b6a7.php 第 28 行.
SQL: SELECT `id`,`name`,`url` FROM `fc_content_category` WHERE `display` = 1 AND `status` = 1 AND `parentid` = 0 ORDER BY listorder DESC  [ RunTime:0.0156s ]
NOTIC: [2] Missing argument 2 for Content\Model\ContentModel::getContentList(), called in D:\Program Files\PHPStudy\WWW\Runtime\Cache\Home\da3158c4df52a152e6f96b4853c6b6a7.php on line 56 and defined D:\Program Files\PHPStudy\WWW\Modules\Content\Model\ContentModel.class.php 第 149 行.
NOTIC: [2] Missing argument 3 for Content\Model\ContentModel::getContentList(), called in D:\Program Files\PHPStudy\WWW\Runtime\Cache\Home\da3158c4df52a152e6f96b4853c6b6a7.php on line 56 and defined D:\Program Files\PHPStudy\WWW\Modules\Content\Model\ContentModel.class.php 第 149 行.
NOTIC: [2] Missing argument 4 for Content\Model\ContentModel::getContentList(), called in D:\Program Files\PHPStudy\WWW\Runtime\Cache\Home\da3158c4df52a152e6f96b4853c6b6a7.php on line 56 and defined D:\Program Files\PHPStudy\WWW\Modules\Content\Model\ContentModel.class.php 第 149 行.
NOTIC: [2] Missing argument 5 for Content\Model\ContentModel::getContentList(), called in D:\Program Files\PHPStudy\WWW\Runtime\Cache\Home\da3158c4df52a152e6f96b4853c6b6a7.php on line 56 and defined D:\Program Files\PHPStudy\WWW\Modules\Content\Model\ContentModel.class.php 第 149 行.
NOTIC: [2] Missing argument 6 for Content\Model\ContentModel::getContentList(), called in D:\Program Files\PHPStudy\WWW\Runtime\Cache\Home\da3158c4df52a152e6f96b4853c6b6a7.php on line 56 and defined D:\Program Files\PHPStudy\WWW\Modules\Content\Model\ContentModel.class.php 第 149 行.
NOTIC: [2] Missing argument 7 for Content\Model\ContentModel::getContentList(), called in D:\Program Files\PHPStudy\WWW\Runtime\Cache\Home\da3158c4df52a152e6f96b4853c6b6a7.php on line 56 and defined D:\Program Files\PHPStudy\WWW\Modules\Content\Model\ContentModel.class.php 第 149 行.
NOTIC: [2] Missing argument 8 for Content\Model\ContentModel::getContentList(), called in D:\Program Files\PHPStudy\WWW\Runtime\Cache\Home\da3158c4df52a152e6f96b4853c6b6a7.php on line 56 and defined D:\Program Files\PHPStudy\WWW\Modules\Content\Model\ContentModel.class.php 第 149 行.
NOTIC: [2] Missing argument 9 for Content\Model\ContentModel::getContentList(), called in D:\Program Files\PHPStudy\WWW\Runtime\Cache\Home\da3158c4df52a152e6f96b4853c6b6a7.php on line 56 and defined D:\Program Files\PHPStudy\WWW\Modules\Content\Model\ContentModel.class.php 第 149 行.
NOTIC: [8] Undefined variable: num D:\Program Files\PHPStudy\WWW\Modules\Content\Model\ContentModel.class.php 第 153 行.
NOTIC: [8] Undefined variable: order D:\Program Files\PHPStudy\WWW\Modules\Content\Model\ContentModel.class.php 第 154 行.
NOTIC: [8] Undefined variable: ispage D:\Program Files\PHPStudy\WWW\Modules\Content\Model\ContentModel.class.php 第 155 行.
NOTIC: [8] Undefined variable: condition D:\Program Files\PHPStudy\WWW\Modules\Content\Model\ContentModel.class.php 第 156 行.
SQL: SHOW COLUMNS FROM `fc_content_model` [ RunTime:0.0000s ]
SQL: SELECT `tablename` FROM `fc_content_model` WHERE ( modelid=1 ) LIMIT 1   [ RunTime:0.0000s ]
SQL: SHOW COLUMNS FROM `fc_content_news` [ RunTime:0.0000s ]
NOTIC: [8] Undefined index: a.disdel D:\Program Files\PHPStudy\WWW\Modules\Content\Model\ContentModel.class.php 第 163 行.
SQL: SHOW COLUMNS FROM `fc_content_category` [ RunTime:0.0156s ]
SQL: SELECT `path` FROM `fc_content_category` WHERE `id` = 1 LIMIT 1   [ RunTime:0.0000s ]
NOTIC: [8] Undefined variable: posid D:\Program Files\PHPStudy\WWW\Modules\Content\Model\ContentModel.class.php 第 177 行.
NOTIC: [8] Undefined variable: isimage D:\Program Files\PHPStudy\WWW\Modules\Content\Model\ContentModel.class.php 第 189 行.
NOTIC: [8] Undefined variable: addfields D:\Program Files\PHPStudy\WWW\Modules\Content\Model\ContentModel.class.php 第 220 行.
SQL: SELECT a.*,b.name as catname FROM fc_content_news as a LEFT JOIN fc_content_category as b on a.catid=b.id  WHERE a.status = 99 AND a.disdel = 0 AND (  b.path LIKE '-0-1-%' OR a.catid = 1 ) ORDER BY updatetime DESC LIMIT 10   [ RunTime:0.0000s ]
SQL: SELECT `id`,`name`,`url` FROM `fc_content_category` WHERE `display` = 1 AND `status` = 1 AND `parentid` = 6 ORDER BY listorder DESC  [ RunTime:0.0000s ]
SQL: SELECT `id`,`name`,`url` FROM `fc_content_category` WHERE `display` = 1 AND `status` = 1 AND `parentid` = 10 ORDER BY listorder DESC  [ RunTime:0.0000s ]
SQL: SELECT `id`,`name`,`url` FROM `fc_content_category` WHERE `display` = 1 AND `status` = 1 AND `parentid` = 2 ORDER BY listorder DESC  [ RunTime:0.0000s ]
SQL: SELECT `id`,`name`,`url` FROM `fc_content_category` WHERE `display` = 1 AND `status` = 1 AND `parentid` = 14 ORDER BY listorder DESC  [ RunTime:0.0000s ]
SQL: SELECT `id`,`name`,`url` FROM `fc_content_category` WHERE `display` = 1 AND `status` = 1 AND `parentid` = 16 ORDER BY listorder DESC  [ RunTime:0.0000s ]
SQL: SELECT `id`,`name`,`url` FROM `fc_content_category` WHERE `display` = 1 AND `status` = 1 AND `parentid` = 1 ORDER BY listorder DESC  [ RunTime:0.0000s ]
SQL: SELECT `id`,`name`,`url` FROM `fc_content_category` WHERE `display` = 1 AND `status` = 1 AND `parentid` = 6 ORDER BY listorder DESC  [ RunTime:0.0000s ]
NOTIC: [2] Missing argument 2 for Content\Model\ContentModel::getContentList(), called in D:\Program Files\PHPStudy\WWW\Runtime\Cache\Home\da3158c4df52a152e6f96b4853c6b6a7.php on line 121 and defined D:\Program Files\PHPStudy\WWW\Modules\Content\Model\ContentModel.class.php 第 149 行.
NOTIC: [2] Missing argument 3 for Content\Model\ContentModel::getContentList(), called in D:\Program Files\PHPStudy\WWW\Runtime\Cache\Home\da3158c4df52a152e6f96b4853c6b6a7.php on line 121 and defined D:\Program Files\PHPStudy\WWW\Modules\Content\Model\ContentModel.class.php 第 149 行.
NOTIC: [2] Missing argument 4 for Content\Model\ContentModel::getContentList(), called in D:\Program Files\PHPStudy\WWW\Runtime\Cache\Home\da3158c4df52a152e6f96b4853c6b6a7.php on line 121 and defined D:\Program Files\PHPStudy\WWW\Modules\Content\Model\ContentModel.class.php 第 149 行.
NOTIC: [2] Missing argument 5 for Content\Model\ContentModel::getContentList(), called in D:\Program Files\PHPStudy\WWW\Runtime\Cache\Home\da3158c4df52a152e6f96b4853c6b6a7.php on line 121 and defined D:\Program Files\PHPStudy\WWW\Modules\Content\Model\ContentModel.class.php 第 149 行.
NOTIC: [2] Missing argument 6 for Content\Model\ContentModel::getContentList(), called in D:\Program Files\PHPStudy\WWW\Runtime\Cache\Home\da3158c4df52a152e6f96b4853c6b6a7.php on line 121 and defined D:\Program Files\PHPStudy\WWW\Modules\Content\Model\ContentModel.class.php 第 149 行.
NOTIC: [2] Missing argument 7 for Content\Model\ContentModel::getContentList(), called in D:\Program Files\PHPStudy\WWW\Runtime\Cache\Home\da3158c4df52a152e6f96b4853c6b6a7.php on line 121 and defined D:\Program Files\PHPStudy\WWW\Modules\Content\Model\ContentModel.class.php 第 149 行.
NOTIC: [2] Missing argument 8 for Content\Model\ContentModel::getContentList(), called in D:\Program Files\PHPStudy\WWW\Runtime\Cache\Home\da3158c4df52a152e6f96b4853c6b6a7.php on line 121 and defined D:\Program Files\PHPStudy\WWW\Modules\Content\Model\ContentModel.class.php 第 149 行.
NOTIC: [2] Missing argument 9 for Content\Model\ContentModel::getContentList(), called in D:\Program Files\PHPStudy\WWW\Runtime\Cache\Home\da3158c4df52a152e6f96b4853c6b6a7.php on line 121 and defined D:\Program Files\PHPStudy\WWW\Modules\Content\Model\ContentModel.class.php 第 149 行.
NOTIC: [8] Undefined variable: order D:\Program Files\PHPStudy\WWW\Modules\Content\Model\ContentModel.class.php 第 154 行.
NOTIC: [8] Undefined variable: condition D:\Program Files\PHPStudy\WWW\Modules\Content\Model\ContentModel.class.php 第 156 行.
SQL: SELECT `tablename` FROM `fc_content_model` WHERE ( modelid=10 ) LIMIT 1   [ RunTime:0.0000s ]
SQL: SHOW COLUMNS FROM `fc_content_product` [ RunTime:0.0000s ]
SQL: SELECT `path` FROM `fc_content_category` WHERE `id` = 9 LIMIT 1   [ RunTime:0.0000s ]
NOTIC: [8] Undefined variable: posid D:\Program Files\PHPStudy\WWW\Modules\Content\Model\ContentModel.class.php 第 177 行.
NOTIC: [8] Undefined variable: isimage D:\Program Files\PHPStudy\WWW\Modules\Content\Model\ContentModel.class.php 第 189 行.
SQL: SELECT COUNT(*) AS tp_count FROM fc_content_product as a LEFT JOIN fc_content_category as b on a.catid=b.id  WHERE a.status = 99 AND (  b.path LIKE '-0-6-9-%' OR a.catid = 9 ) LIMIT 1   [ RunTime:0.0000s ]
NOTIC: [8] Undefined variable: addfields D:\Program Files\PHPStudy\WWW\Modules\Content\Model\ContentModel.class.php 第 199 行.
SQL: SELECT a.*,b.name as catname FROM fc_content_product as a LEFT JOIN fc_content_category as b on a.catid=b.id  WHERE a.status = 99 AND (  b.path LIKE '-0-6-9-%' OR a.catid = 9 ) ORDER BY updatetime DESC LIMIT 0,8   [ RunTime:0.0000s ]
NOTIC: [8] Undefined index: p D:\Program Files\PHPStudy\WWW\Modules\Content\Model\ContentModel.class.php 第 212 行.
INFO: Run Behavior\ParseTemplateBehavior [ RunTime:0.093750s ]
INFO: [ view_parse ] --END-- [ RunTime:0.093750s ]
INFO: [ view_filter ] --START--
INFO: Run Behavior\WriteHtmlCacheBehavior [ RunTime:0.000000s ]
INFO: [ view_filter ] --END-- [ RunTime:0.000000s ]
INFO: [ app_end ] --START--
INFO: Run Behavior\ShowPageTraceBehavior [ RunTime:0.015625s ]
SQL: SHOW COLUMNS FROM `fc_admin_behavior` [ RunTime:0.0156s ]
SQL: INSERT INTO `fc_admin_behavior` (`uid`,`timelong`,`memory`,`time`,`date1`,`date2`,`m`,`c`,`a`,`ip`,`data`) VALUES ('1','0.234375','873','1460044008','2016-04-07','2016-04-07 23','Home','Index','lists','127.0.0.1','catid/9') [ RunTime:0.0313s ]
INFO: Run Admin\Behavior\RecordEndBehavior [ RunTime:0.046875s ]
INFO: [ app_end ] --END-- [ RunTime:0.062500s ]

[ 2016-04-07T23:46:56+08:00 ] 127.0.0.1 /Home/Index/lists/catid/9.html
INFO: [ app_init ] --START--
INFO: Run Behavior\BuildLiteBehavior [ RunTime:0.000000s ]
SQL: SHOW COLUMNS FROM `fc_admin_setting` [ RunTime:0.0156s ]
INFO: Run Admin\Behavior\SystemConfigBehavior [ RunTime:0.062500s ]
INFO: [ app_init ] --END-- [ RunTime:0.062500s ]
INFO: [ app_begin ] --START--
INFO: Run Behavior\ReadHtmlCacheBehavior [ RunTime:0.000000s ]
INFO: Run Admin\Behavior\RecordBeginBehavior [ RunTime:0.000000s ]
INFO: [ app_begin ] --END-- [ RunTime:0.000000s ]

[ 2016-04-07T23:46:59+08:00 ] 127.0.0.1 /Home/Index/lists/catid/8.html
INFO: [ app_init ] --START--
INFO: Run Behavior\BuildLiteBehavior [ RunTime:0.000000s ]
SQL: SHOW COLUMNS FROM `fc_admin_setting` [ RunTime:0.0000s ]
INFO: Run Admin\Behavior\SystemConfigBehavior [ RunTime:0.046875s ]
INFO: [ app_init ] --END-- [ RunTime:0.046875s ]
INFO: [ app_begin ] --START--
INFO: Run Behavior\ReadHtmlCacheBehavior [ RunTime:0.000000s ]
INFO: Run Admin\Behavior\RecordBeginBehavior [ RunTime:0.000000s ]
INFO: [ app_begin ] --END-- [ RunTime:0.000000s ]
SQL: SELECT * FROM `fc_admin_setting` WHERE `id` = 5 LIMIT 1   [ RunTime:0.0000s ]
SQL: SHOW COLUMNS FROM `fc_admin_cache` [ RunTime:0.0000s ]
SQL: SELECT COUNT(*) AS tp_count FROM `fc_admin_cache` WHERE `name` = 'b9a430006575f0e99a46432ac7fee877' LIMIT 1   [ RunTime:0.0000s ]
NOTIC: [2] Illegal offset type in isset or empty D:\Program Files\PHPStudy\WWW\ThinkPHP\Library\Think\Model.class.php 第 445 行.
SQL: UPDATE `fc_admin_cache` SET `name`='b9a430006575f0e99a46432ac7fee877',`title`='网站基本信息缓存',`namespace`='Admin\\Model\\SettingModel',`function`='getSetting',`args`='a:1:{i:0;i:5;}',`creattime`='1460044019',`long`='0',`clear`='0' WHERE `name` = 'b9a430006575f0e99a46432ac7fee877' [ RunTime:0.0313s ]
SQL: SHOW COLUMNS FROM `fc_content_category` [ RunTime:0.0000s ]
SQL: SHOW COLUMNS FROM `fc_content_nav` [ RunTime:0.0156s ]
SQL: SELECT * FROM `fc_content_nav` WHERE ( status=1 )  [ RunTime:0.0000s ]
SQL: SELECT `name`,`parentid`,`modelids`,`template1` FROM `fc_content_category` WHERE `id` = 8 LIMIT 1   [ RunTime:0.0000s ]
SQL: SELECT * FROM `fc_content_category` ORDER BY listorder DESC  [ RunTime:0.0000s ]
SQL: SHOW COLUMNS FROM `fc_content_category_seo` [ RunTime:0.0000s ]
SQL: SELECT * FROM `fc_content_category_seo` WHERE `catid` = 8 LIMIT 1   [ RunTime:0.0000s ]
INFO: [ view_parse ] --START--
INFO: [ template_filter ] --START--
INFO: Run Behavior\ContentReplaceBehavior [ RunTime:0.000000s ]
INFO: [ template_filter ] --END-- [ RunTime:0.000000s ]
NOTIC: [8] Undefined variable: seo_title D:\Program Files\PHPStudy\WWW\Runtime\Cache\Home\8edb5002e70172ebbe6e7b2d007d60a2.php 第 5 行.
NOTIC: [8] Undefined variable: seo_keywords D:\Program Files\PHPStudy\WWW\Runtime\Cache\Home\8edb5002e70172ebbe6e7b2d007d60a2.php 第 6 行.
NOTIC: [8] Undefined variable: seo_description D:\Program Files\PHPStudy\WWW\Runtime\Cache\Home\8edb5002e70172ebbe6e7b2d007d60a2.php 第 7 行.
NOTIC: [8] Undefined variable: index D:\Program Files\PHPStudy\WWW\Runtime\Cache\Home\8edb5002e70172ebbe6e7b2d007d60a2.php 第 28 行.
SQL: SELECT `id`,`name`,`url` FROM `fc_content_category` WHERE `display` = 1 AND `status` = 1 AND `parentid` = 0 ORDER BY listorder DESC  [ RunTime:0.0000s ]
NOTIC: [2] Missing argument 2 for Content\Model\ContentModel::getContentList(), called in D:\Program Files\PHPStudy\WWW\Runtime\Cache\Home\8edb5002e70172ebbe6e7b2d007d60a2.php on line 56 and defined D:\Program Files\PHPStudy\WWW\Modules\Content\Model\ContentModel.class.php 第 149 行.
NOTIC: [2] Missing argument 3 for Content\Model\ContentModel::getContentList(), called in D:\Program Files\PHPStudy\WWW\Runtime\Cache\Home\8edb5002e70172ebbe6e7b2d007d60a2.php on line 56 and defined D:\Program Files\PHPStudy\WWW\Modules\Content\Model\ContentModel.class.php 第 149 行.
NOTIC: [2] Missing argument 4 for Content\Model\ContentModel::getContentList(), called in D:\Program Files\PHPStudy\WWW\Runtime\Cache\Home\8edb5002e70172ebbe6e7b2d007d60a2.php on line 56 and defined D:\Program Files\PHPStudy\WWW\Modules\Content\Model\ContentModel.class.php 第 149 行.
NOTIC: [2] Missing argument 5 for Content\Model\ContentModel::getContentList(), called in D:\Program Files\PHPStudy\WWW\Runtime\Cache\Home\8edb5002e70172ebbe6e7b2d007d60a2.php on line 56 and defined D:\Program Files\PHPStudy\WWW\Modules\Content\Model\ContentModel.class.php 第 149 行.
NOTIC: [2] Missing argument 6 for Content\Model\ContentModel::getContentList(), called in D:\Program Files\PHPStudy\WWW\Runtime\Cache\Home\8edb5002e70172ebbe6e7b2d007d60a2.php on line 56 and defined D:\Program Files\PHPStudy\WWW\Modules\Content\Model\ContentModel.class.php 第 149 行.
NOTIC: [2] Missing argument 7 for Content\Model\ContentModel::getContentList(), called in D:\Program Files\PHPStudy\WWW\Runtime\Cache\Home\8edb5002e70172ebbe6e7b2d007d60a2.php on line 56 and defined D:\Program Files\PHPStudy\WWW\Modules\Content\Model\ContentModel.class.php 第 149 行.
NOTIC: [2] Missing argument 8 for Content\Model\ContentModel::getContentList(), called in D:\Program Files\PHPStudy\WWW\Runtime\Cache\Home\8edb5002e70172ebbe6e7b2d007d60a2.php on line 56 and defined D:\Program Files\PHPStudy\WWW\Modules\Content\Model\ContentModel.class.php 第 149 行.
NOTIC: [2] Missing argument 9 for Content\Model\ContentModel::getContentList(), called in D:\Program Files\PHPStudy\WWW\Runtime\Cache\Home\8edb5002e70172ebbe6e7b2d007d60a2.php on line 56 and defined D:\Program Files\PHPStudy\WWW\Modules\Content\Model\ContentModel.class.php 第 149 行.
NOTIC: [8] Undefined variable: num D:\Program Files\PHPStudy\WWW\Modules\Content\Model\ContentModel.class.php 第 153 行.
NOTIC: [8] Undefined variable: order D:\Program Files\PHPStudy\WWW\Modules\Content\Model\ContentModel.class.php 第 154 行.
NOTIC: [8] Undefined variable: ispage D:\Program Files\PHPStudy\WWW\Modules\Content\Model\ContentModel.class.php 第 155 行.
NOTIC: [8] Undefined variable: condition D:\Program Files\PHPStudy\WWW\Modules\Content\Model\ContentModel.class.php 第 156 行.
SQL: SHOW COLUMNS FROM `fc_content_model` [ RunTime:0.0000s ]
SQL: SELECT `tablename` FROM `fc_content_model` WHERE ( modelid=1 ) LIMIT 1   [ RunTime:0.0000s ]
SQL: SHOW COLUMNS FROM `fc_content_news` [ RunTime:0.0000s ]
NOTIC: [8] Undefined index: a.disdel D:\Program Files\PHPStudy\WWW\Modules\Content\Model\ContentModel.class.php 第 163 行.
SQL: SHOW COLUMNS FROM `fc_content_category` [ RunTime:0.0000s ]
SQL: SELECT `path` FROM `fc_content_category` WHERE `id` = 1 LIMIT 1   [ RunTime:0.0000s ]
NOTIC: [8] Undefined variable: posid D:\Program Files\PHPStudy\WWW\Modules\Content\Model\ContentModel.class.php 第 177 行.
NOTIC: [8] Undefined variable: isimage D:\Program Files\PHPStudy\WWW\Modules\Content\Model\ContentModel.class.php 第 189 行.
NOTIC: [8] Undefined variable: addfields D:\Program Files\PHPStudy\WWW\Modules\Content\Model\ContentModel.class.php 第 220 行.
SQL: SELECT a.*,b.name as catname FROM fc_content_news as a LEFT JOIN fc_content_category as b on a.catid=b.id  WHERE a.status = 99 AND a.disdel = 0 AND (  b.path LIKE '-0-1-%' OR a.catid = 1 ) ORDER BY updatetime DESC LIMIT 10   [ RunTime:0.0000s ]
SQL: SELECT `id`,`name`,`url` FROM `fc_content_category` WHERE `display` = 1 AND `status` = 1 AND `parentid` = 6 ORDER BY listorder DESC  [ RunTime:0.0000s ]
SQL: SELECT `id`,`name`,`url` FROM `fc_content_category` WHERE `display` = 1 AND `status` = 1 AND `parentid` = 10 ORDER BY listorder DESC  [ RunTime:0.0000s ]
SQL: SELECT `id`,`name`,`url` FROM `fc_content_category` WHERE `display` = 1 AND `status` = 1 AND `parentid` = 2 ORDER BY listorder DESC  [ RunTime:0.0000s ]
SQL: SELECT `id`,`name`,`url` FROM `fc_content_category` WHERE `display` = 1 AND `status` = 1 AND `parentid` = 14 ORDER BY listorder DESC  [ RunTime:0.0000s ]
SQL: SELECT `id`,`name`,`url` FROM `fc_content_category` WHERE `display` = 1 AND `status` = 1 AND `parentid` = 16 ORDER BY listorder DESC  [ RunTime:0.0000s ]
SQL: SELECT `id`,`name`,`url` FROM `fc_content_category` WHERE `display` = 1 AND `status` = 1 AND `parentid` = 1 ORDER BY listorder DESC  [ RunTime:0.0000s ]
SQL: SELECT `id`,`name`,`url` FROM `fc_content_category` WHERE `display` = 1 AND `status` = 1 AND `parentid` = 6 ORDER BY listorder DESC  [ RunTime:0.0156s ]
NOTIC: [2] Missing argument 2 for Content\Model\ContentModel::getContentList(), called in D:\Program Files\PHPStudy\WWW\Runtime\Cache\Home\8edb5002e70172ebbe6e7b2d007d60a2.php on line 121 and defined D:\Program Files\PHPStudy\WWW\Modules\Content\Model\ContentModel.class.php 第 149 行.
NOTIC: [2] Missing argument 3 for Content\Model\ContentModel::getContentList(), called in D:\Program Files\PHPStudy\WWW\Runtime\Cache\Home\8edb5002e70172ebbe6e7b2d007d60a2.php on line 121 and defined D:\Program Files\PHPStudy\WWW\Modules\Content\Model\ContentModel.class.php 第 149 行.
NOTIC: [2] Missing argument 4 for Content\Model\ContentModel::getContentList(), called in D:\Program Files\PHPStudy\WWW\Runtime\Cache\Home\8edb5002e70172ebbe6e7b2d007d60a2.php on line 121 and defined D:\Program Files\PHPStudy\WWW\Modules\Content\Model\ContentModel.class.php 第 149 行.
NOTIC: [2] Missing argument 5 for Content\Model\ContentModel::getContentList(), called in D:\Program Files\PHPStudy\WWW\Runtime\Cache\Home\8edb5002e70172ebbe6e7b2d007d60a2.php on line 121 and defined D:\Program Files\PHPStudy\WWW\Modules\Content\Model\ContentModel.class.php 第 149 行.
NOTIC: [2] Missing argument 6 for Content\Model\ContentModel::getContentList(), called in D:\Program Files\PHPStudy\WWW\Runtime\Cache\Home\8edb5002e70172ebbe6e7b2d007d60a2.php on line 121 and defined D:\Program Files\PHPStudy\WWW\Modules\Content\Model\ContentModel.class.php 第 149 行.
NOTIC: [2] Missing argument 7 for Content\Model\ContentModel::getContentList(), called in D:\Program Files\PHPStudy\WWW\Runtime\Cache\Home\8edb5002e70172ebbe6e7b2d007d60a2.php on line 121 and defined D:\Program Files\PHPStudy\WWW\Modules\Content\Model\ContentModel.class.php 第 149 行.
NOTIC: [2] Missing argument 8 for Content\Model\ContentModel::getContentList(), called in D:\Program Files\PHPStudy\WWW\Runtime\Cache\Home\8edb5002e70172ebbe6e7b2d007d60a2.php on line 121 and defined D:\Program Files\PHPStudy\WWW\Modules\Content\Model\ContentModel.class.php 第 149 行.
NOTIC: [2] Missing argument 9 for Content\Model\ContentModel::getContentList(), called in D:\Program Files\PHPStudy\WWW\Runtime\Cache\Home\8edb5002e70172ebbe6e7b2d007d60a2.php on line 121 and defined D:\Program Files\PHPStudy\WWW\Modules\Content\Model\ContentModel.class.php 第 149 行.
NOTIC: [8] Undefined variable: order D:\Program Files\PHPStudy\WWW\Modules\Content\Model\ContentModel.class.php 第 154 行.
NOTIC: [8] Undefined variable: condition D:\Program Files\PHPStudy\WWW\Modules\Content\Model\ContentModel.class.php 第 156 行.
SQL: SELECT `tablename` FROM `fc_content_model` WHERE ( modelid=10 ) LIMIT 1   [ RunTime:0.0000s ]
SQL: SHOW COLUMNS FROM `fc_content_product` [ RunTime:0.0000s ]
SQL: SELECT `path` FROM `fc_content_category` WHERE `id` = 8 LIMIT 1   [ RunTime:0.0000s ]
NOTIC: [8] Undefined variable: posid D:\Program Files\PHPStudy\WWW\Modules\Content\Model\ContentModel.class.php 第 177 行.
NOTIC: [8] Undefined variable: isimage D:\Program Files\PHPStudy\WWW\Modules\Content\Model\ContentModel.class.php 第 189 行.
SQL: SELECT COUNT(*) AS tp_count FROM fc_content_product as a LEFT JOIN fc_content_category as b on a.catid=b.id  WHERE a.status = 99 AND (  b.path LIKE '-0-6-8-%' OR a.catid = 8 ) LIMIT 1   [ RunTime:0.0000s ]
NOTIC: [8] Undefined variable: addfields D:\Program Files\PHPStudy\WWW\Modules\Content\Model\ContentModel.class.php 第 199 行.
SQL: SELECT a.*,b.name as catname FROM fc_content_product as a LEFT JOIN fc_content_category as b on a.catid=b.id  WHERE a.status = 99 AND (  b.path LIKE '-0-6-8-%' OR a.catid = 8 ) ORDER BY updatetime DESC LIMIT 0,12   [ RunTime:0.0000s ]
NOTIC: [8] Undefined index: p D:\Program Files\PHPStudy\WWW\Modules\Content\Model\ContentModel.class.php 第 212 行.
INFO: Run Behavior\ParseTemplateBehavior [ RunTime:0.093750s ]
INFO: [ view_parse ] --END-- [ RunTime:0.093750s ]
INFO: [ view_filter ] --START--
INFO: Run Behavior\WriteHtmlCacheBehavior [ RunTime:0.000000s ]
INFO: [ view_filter ] --END-- [ RunTime:0.000000s ]
INFO: [ app_end ] --START--
INFO: Run Behavior\ShowPageTraceBehavior [ RunTime:0.015625s ]
SQL: SHOW COLUMNS FROM `fc_admin_behavior` [ RunTime:0.0000s ]
SQL: INSERT INTO `fc_admin_behavior` (`uid`,`timelong`,`memory`,`time`,`date1`,`date2`,`m`,`c`,`a`,`ip`,`data`) VALUES ('1','0.15625','873','1460044019','2016-04-07','2016-04-07 23','Home','Index','lists','127.0.0.1','catid/8') [ RunTime:0.0000s ]
INFO: Run Admin\Behavior\RecordEndBehavior [ RunTime:0.000000s ]
INFO: [ app_end ] --END-- [ RunTime:0.015625s ]

[ 2016-04-07T23:47:01+08:00 ] 127.0.0.1 /Home/Index/lists/catid/7.html
INFO: [ app_init ] --START--
INFO: Run Behavior\BuildLiteBehavior [ RunTime:0.000000s ]
SQL: SHOW COLUMNS FROM `fc_admin_setting` [ RunTime:0.0156s ]
INFO: Run Admin\Behavior\SystemConfigBehavior [ RunTime:0.078125s ]
INFO: [ app_init ] --END-- [ RunTime:0.078125s ]
INFO: [ app_begin ] --START--
INFO: Run Behavior\ReadHtmlCacheBehavior [ RunTime:0.000000s ]
INFO: Run Admin\Behavior\RecordBeginBehavior [ RunTime:0.000000s ]
INFO: [ app_begin ] --END-- [ RunTime:0.000000s ]
SQL: SELECT * FROM `fc_admin_setting` WHERE `id` = 5 LIMIT 1   [ RunTime:0.0000s ]
SQL: SHOW COLUMNS FROM `fc_admin_cache` [ RunTime:0.0000s ]
SQL: SELECT COUNT(*) AS tp_count FROM `fc_admin_cache` WHERE `name` = 'b9a430006575f0e99a46432ac7fee877' LIMIT 1   [ RunTime:0.0000s ]
NOTIC: [2] Illegal offset type in isset or empty D:\Program Files\PHPStudy\WWW\ThinkPHP\Library\Think\Model.class.php 第 445 行.
SQL: UPDATE `fc_admin_cache` SET `name`='b9a430006575f0e99a46432ac7fee877',`title`='网站基本信息缓存',`namespace`='Admin\\Model\\SettingModel',`function`='getSetting',`args`='a:1:{i:0;i:5;}',`creattime`='1460044021',`long`='0',`clear`='0' WHERE `name` = 'b9a430006575f0e99a46432ac7fee877' [ RunTime:0.0000s ]
SQL: SHOW COLUMNS FROM `fc_content_category` [ RunTime:0.0000s ]
SQL: SHOW COLUMNS FROM `fc_content_nav` [ RunTime:0.0156s ]
SQL: SELECT * FROM `fc_content_nav` WHERE ( status=1 )  [ RunTime:0.0000s ]
SQL: SELECT `name`,`parentid`,`modelids`,`template1` FROM `fc_content_category` WHERE `id` = 7 LIMIT 1   [ RunTime:0.0000s ]
SQL: SELECT * FROM `fc_content_category` ORDER BY listorder DESC  [ RunTime:0.0000s ]
SQL: SHOW COLUMNS FROM `fc_content_category_seo` [ RunTime:0.0156s ]
SQL: SELECT * FROM `fc_content_category_seo` WHERE `catid` = 7 LIMIT 1   [ RunTime:0.0000s ]
INFO: [ view_parse ] --START--
INFO: [ template_filter ] --START--
INFO: Run Behavior\ContentReplaceBehavior [ RunTime:0.000000s ]
INFO: [ template_filter ] --END-- [ RunTime:0.000000s ]
NOTIC: [8] Undefined variable: seo_title D:\Program Files\PHPStudy\WWW\Runtime\Cache\Home\117cf42fd9e38e23817d517f77db2122.php 第 5 行.
NOTIC: [8] Undefined variable: seo_keywords D:\Program Files\PHPStudy\WWW\Runtime\Cache\Home\117cf42fd9e38e23817d517f77db2122.php 第 6 行.
NOTIC: [8] Undefined variable: seo_description D:\Program Files\PHPStudy\WWW\Runtime\Cache\Home\117cf42fd9e38e23817d517f77db2122.php 第 7 行.
NOTIC: [8] Undefined variable: index D:\Program Files\PHPStudy\WWW\Runtime\Cache\Home\117cf42fd9e38e23817d517f77db2122.php 第 30 行.
SQL: SELECT `id`,`name`,`url` FROM `fc_content_category` WHERE `display` = 1 AND `status` = 1 AND `parentid` = 0 ORDER BY listorder DESC  [ RunTime:0.0000s ]
NOTIC: [2] Missing argument 2 for Content\Model\ContentModel::getContentList(), called in D:\Program Files\PHPStudy\WWW\Runtime\Cache\Home\117cf42fd9e38e23817d517f77db2122.php on line 58 and defined D:\Program Files\PHPStudy\WWW\Modules\Content\Model\ContentModel.class.php 第 149 行.
NOTIC: [2] Missing argument 3 for Content\Model\ContentModel::getContentList(), called in D:\Program Files\PHPStudy\WWW\Runtime\Cache\Home\117cf42fd9e38e23817d517f77db2122.php on line 58 and defined D:\Program Files\PHPStudy\WWW\Modules\Content\Model\ContentModel.class.php 第 149 行.
NOTIC: [2] Missing argument 4 for Content\Model\ContentModel::getContentList(), called in D:\Program Files\PHPStudy\WWW\Runtime\Cache\Home\117cf42fd9e38e23817d517f77db2122.php on line 58 and defined D:\Program Files\PHPStudy\WWW\Modules\Content\Model\ContentModel.class.php 第 149 行.
NOTIC: [2] Missing argument 5 for Content\Model\ContentModel::getContentList(), called in D:\Program Files\PHPStudy\WWW\Runtime\Cache\Home\117cf42fd9e38e23817d517f77db2122.php on line 58 and defined D:\Program Files\PHPStudy\WWW\Modules\Content\Model\ContentModel.class.php 第 149 行.
NOTIC: [2] Missing argument 6 for Content\Model\ContentModel::getContentList(), called in D:\Program Files\PHPStudy\WWW\Runtime\Cache\Home\117cf42fd9e38e23817d517f77db2122.php on line 58 and defined D:\Program Files\PHPStudy\WWW\Modules\Content\Model\ContentModel.class.php 第 149 行.
NOTIC: [2] Missing argument 7 for Content\Model\ContentModel::getContentList(), called in D:\Program Files\PHPStudy\WWW\Runtime\Cache\Home\117cf42fd9e38e23817d517f77db2122.php on line 58 and defined D:\Program Files\PHPStudy\WWW\Modules\Content\Model\ContentModel.class.php 第 149 行.
NOTIC: [2] Missing argument 8 for Content\Model\ContentModel::getContentList(), called in D:\Program Files\PHPStudy\WWW\Runtime\Cache\Home\117cf42fd9e38e23817d517f77db2122.php on line 58 and defined D:\Program Files\PHPStudy\WWW\Modules\Content\Model\ContentModel.class.php 第 149 行.
NOTIC: [2] Missing argument 9 for Content\Model\ContentModel::getContentList(), called in D:\Program Files\PHPStudy\WWW\Runtime\Cache\Home\117cf42fd9e38e23817d517f77db2122.php on line 58 and defined D:\Program Files\PHPStudy\WWW\Modules\Content\Model\ContentModel.class.php 第 149 行.
NOTIC: [8] Undefined variable: num D:\Program Files\PHPStudy\WWW\Modules\Content\Model\ContentModel.class.php 第 153 行.
NOTIC: [8] Undefined variable: order D:\Program Files\PHPStudy\WWW\Modules\Content\Model\ContentModel.class.php 第 154 行.
NOTIC: [8] Undefined variable: ispage D:\Program Files\PHPStudy\WWW\Modules\Content\Model\ContentModel.class.php 第 155 行.
NOTIC: [8] Undefined variable: condition D:\Program Files\PHPStudy\WWW\Modules\Content\Model\ContentModel.class.php 第 156 行.
SQL: SHOW COLUMNS FROM `fc_content_model` [ RunTime:0.0156s ]
SQL: SELECT `tablename` FROM `fc_content_model` WHERE ( modelid=1 ) LIMIT 1   [ RunTime:0.0000s ]
SQL: SHOW COLUMNS FROM `fc_content_news` [ RunTime:0.0000s ]
NOTIC: [8] Undefined index: a.disdel D:\Program Files\PHPStudy\WWW\Modules\Content\Model\ContentModel.class.php 第 163 行.
SQL: SHOW COLUMNS FROM `fc_content_category` [ RunTime:0.0000s ]
SQL: SELECT `path` FROM `fc_content_category` WHERE `id` = 1 LIMIT 1   [ RunTime:0.0000s ]
NOTIC: [8] Undefined variable: posid D:\Program Files\PHPStudy\WWW\Modules\Content\Model\ContentModel.class.php 第 177 行.
NOTIC: [8] Undefined variable: isimage D:\Program Files\PHPStudy\WWW\Modules\Content\Model\ContentModel.class.php 第 189 行.
NOTIC: [8] Undefined variable: addfields D:\Program Files\PHPStudy\WWW\Modules\Content\Model\ContentModel.class.php 第 220 行.
SQL: SELECT a.*,b.name as catname FROM fc_content_news as a LEFT JOIN fc_content_category as b on a.catid=b.id  WHERE a.status = 99 AND a.disdel = 0 AND (  b.path LIKE '-0-1-%' OR a.catid = 1 ) ORDER BY updatetime DESC LIMIT 10   [ RunTime:0.0000s ]
SQL: SELECT `id`,`name`,`url` FROM `fc_content_category` WHERE `display` = 1 AND `status` = 1 AND `parentid` = 6 ORDER BY listorder DESC  [ RunTime:0.0000s ]
SQL: SELECT `id`,`name`,`url` FROM `fc_content_category` WHERE `display` = 1 AND `status` = 1 AND `parentid` = 10 ORDER BY listorder DESC  [ RunTime:0.0000s ]
SQL: SELECT `id`,`name`,`url` FROM `fc_content_category` WHERE `display` = 1 AND `status` = 1 AND `parentid` = 2 ORDER BY listorder DESC  [ RunTime:0.0000s ]
SQL: SELECT `id`,`name`,`url` FROM `fc_content_category` WHERE `display` = 1 AND `status` = 1 AND `parentid` = 14 ORDER BY listorder DESC  [ RunTime:0.0000s ]
SQL: SELECT `id`,`name`,`url` FROM `fc_content_category` WHERE `display` = 1 AND `status` = 1 AND `parentid` = 16 ORDER BY listorder DESC  [ RunTime:0.0000s ]
SQL: SELECT `id`,`name`,`url` FROM `fc_content_category` WHERE `display` = 1 AND `status` = 1 AND `parentid` = 1 ORDER BY listorder DESC  [ RunTime:0.0000s ]
SQL: SELECT `id`,`name`,`url` FROM `fc_content_category` WHERE `display` = 1 AND `status` = 1 AND `parentid` = 6 ORDER BY listorder DESC  [ RunTime:0.0000s ]
NOTIC: [2] Missing argument 2 for Content\Model\ContentModel::getContentList(), called in D:\Program Files\PHPStudy\WWW\Runtime\Cache\Home\117cf42fd9e38e23817d517f77db2122.php on line 115 and defined D:\Program Files\PHPStudy\WWW\Modules\Content\Model\ContentModel.class.php 第 149 行.
NOTIC: [2] Missing argument 3 for Content\Model\ContentModel::getContentList(), called in D:\Program Files\PHPStudy\WWW\Runtime\Cache\Home\117cf42fd9e38e23817d517f77db2122.php on line 115 and defined D:\Program Files\PHPStudy\WWW\Modules\Content\Model\ContentModel.class.php 第 149 行.
NOTIC: [2] Missing argument 4 for Content\Model\ContentModel::getContentList(), called in D:\Program Files\PHPStudy\WWW\Runtime\Cache\Home\117cf42fd9e38e23817d517f77db2122.php on line 115 and defined D:\Program Files\PHPStudy\WWW\Modules\Content\Model\ContentModel.class.php 第 149 行.
NOTIC: [2] Missing argument 5 for Content\Model\ContentModel::getContentList(), called in D:\Program Files\PHPStudy\WWW\Runtime\Cache\Home\117cf42fd9e38e23817d517f77db2122.php on line 115 and defined D:\Program Files\PHPStudy\WWW\Modules\Content\Model\ContentModel.class.php 第 149 行.
NOTIC: [2] Missing argument 6 for Content\Model\ContentModel::getContentList(), called in D:\Program Files\PHPStudy\WWW\Runtime\Cache\Home\117cf42fd9e38e23817d517f77db2122.php on line 115 and defined D:\Program Files\PHPStudy\WWW\Modules\Content\Model\ContentModel.class.php 第 149 行.
NOTIC: [2] Missing argument 7 for Content\Model\ContentModel::getContentList(), called in D:\Program Files\PHPStudy\WWW\Runtime\Cache\Home\117cf42fd9e38e23817d517f77db2122.php on line 115 and defined D:\Program Files\PHPStudy\WWW\Modules\Content\Model\ContentModel.class.php 第 149 行.
NOTIC: [2] Missing argument 8 for Content\Model\ContentModel::getContentList(), called in D:\Program Files\PHPStudy\WWW\Runtime\Cache\Home\117cf42fd9e38e23817d517f77db2122.php on line 115 and defined D:\Program Files\PHPStudy\WWW\Modules\Content\Model\ContentModel.class.php 第 149 行.
NOTIC: [2] Missing argument 9 for Content\Model\ContentModel::getContentList(), called in D:\Program Files\PHPStudy\WWW\Runtime\Cache\Home\117cf42fd9e38e23817d517f77db2122.php on line 115 and defined D:\Program Files\PHPStudy\WWW\Modules\Content\Model\ContentModel.class.php 第 149 行.
NOTIC: [8] Undefined variable: order D:\Program Files\PHPStudy\WWW\Modules\Content\Model\ContentModel.class.php 第 154 行.
NOTIC: [8] Undefined variable: condition D:\Program Files\PHPStudy\WWW\Modules\Content\Model\ContentModel.class.php 第 156 行.
SQL: SELECT `tablename` FROM `fc_content_model` WHERE ( modelid=10 ) LIMIT 1   [ RunTime:0.0000s ]
SQL: SHOW COLUMNS FROM `fc_content_product` [ RunTime:0.0156s ]
SQL: SELECT `path` FROM `fc_content_category` WHERE `id` = 7 LIMIT 1   [ RunTime:0.0000s ]
NOTIC: [8] Undefined variable: posid D:\Program Files\PHPStudy\WWW\Modules\Content\Model\ContentModel.class.php 第 177 行.
NOTIC: [8] Undefined variable: isimage D:\Program Files\PHPStudy\WWW\Modules\Content\Model\ContentModel.class.php 第 189 行.
SQL: SELECT COUNT(*) AS tp_count FROM fc_content_product as a LEFT JOIN fc_content_category as b on a.catid=b.id  WHERE a.status = 99 AND (  b.path LIKE '-0-6-7-%' OR a.catid = 7 ) LIMIT 1   [ RunTime:0.0000s ]
NOTIC: [8] Undefined variable: addfields D:\Program Files\PHPStudy\WWW\Modules\Content\Model\ContentModel.class.php 第 199 行.
SQL: SELECT a.*,b.name as catname FROM fc_content_product as a LEFT JOIN fc_content_category as b on a.catid=b.id  WHERE a.status = 99 AND (  b.path LIKE '-0-6-7-%' OR a.catid = 7 ) ORDER BY updatetime DESC LIMIT 0,8   [ RunTime:0.0000s ]
NOTIC: [8] Undefined index: p D:\Program Files\PHPStudy\WWW\Modules\Content\Model\ContentModel.class.php 第 212 行.
INFO: Run Behavior\ParseTemplateBehavior [ RunTime:0.078125s ]
INFO: [ view_parse ] --END-- [ RunTime:0.078125s ]
INFO: [ view_filter ] --START--
INFO: Run Behavior\WriteHtmlCacheBehavior [ RunTime:0.000000s ]
INFO: [ view_filter ] --END-- [ RunTime:0.000000s ]
INFO: [ app_end ] --START--
INFO: Run Behavior\ShowPageTraceBehavior [ RunTime:0.000000s ]
SQL: SHOW COLUMNS FROM `fc_admin_behavior` [ RunTime:0.0469s ]
SQL: INSERT INTO `fc_admin_behavior` (`uid`,`timelong`,`memory`,`time`,`date1`,`date2`,`m`,`c`,`a`,`ip`,`data`) VALUES ('1','0.140625','876','1460044021','2016-04-07','2016-04-07 23','Home','Index','lists','127.0.0.1','catid/7') [ RunTime:0.0156s ]
INFO: Run Admin\Behavior\RecordEndBehavior [ RunTime:0.062500s ]
INFO: [ app_end ] --END-- [ RunTime:0.062500s ]

[ 2016-04-07T23:47:07+08:00 ] 127.0.0.1 /Home/Index/detail/catid/7/id/2.html
INFO: [ app_init ] --START--
INFO: Run Behavior\BuildLiteBehavior [ RunTime:0.000000s ]
SQL: SHOW COLUMNS FROM `fc_admin_setting` [ RunTime:0.0000s ]
INFO: Run Admin\Behavior\SystemConfigBehavior [ RunTime:0.062500s ]
INFO: [ app_init ] --END-- [ RunTime:0.062500s ]
INFO: [ app_begin ] --START--
INFO: Run Behavior\ReadHtmlCacheBehavior [ RunTime:0.000000s ]
INFO: Run Admin\Behavior\RecordBeginBehavior [ RunTime:0.000000s ]
INFO: [ app_begin ] --END-- [ RunTime:0.000000s ]
SQL: SELECT * FROM `fc_admin_setting` WHERE `id` = 5 LIMIT 1   [ RunTime:0.0000s ]
SQL: SHOW COLUMNS FROM `fc_admin_cache` [ RunTime:0.0000s ]
SQL: SELECT COUNT(*) AS tp_count FROM `fc_admin_cache` WHERE `name` = 'b9a430006575f0e99a46432ac7fee877' LIMIT 1   [ RunTime:0.0000s ]
NOTIC: [2] Illegal offset type in isset or empty D:\Program Files\PHPStudy\WWW\ThinkPHP\Library\Think\Model.class.php 第 445 行.
SQL: UPDATE `fc_admin_cache` SET `name`='b9a430006575f0e99a46432ac7fee877',`title`='网站基本信息缓存',`namespace`='Admin\\Model\\SettingModel',`function`='getSetting',`args`='a:1:{i:0;i:5;}',`creattime`='1460044027',`long`='0',`clear`='0' WHERE `name` = 'b9a430006575f0e99a46432ac7fee877' [ RunTime:0.0000s ]
SQL: SHOW COLUMNS FROM `fc_content_category` [ RunTime:0.0000s ]
SQL: SHOW COLUMNS FROM `fc_content_nav` [ RunTime:0.0000s ]
SQL: SELECT * FROM `fc_content_nav` WHERE ( status=1 )  [ RunTime:0.0000s ]
SQL: SELECT `name`,`parentid`,`modelids`,`template2` FROM `fc_content_category` WHERE `id` = 7 LIMIT 1   [ RunTime:0.0000s ]
SQL: SELECT * FROM `fc_content_category` ORDER BY listorder DESC  [ RunTime:0.0000s ]
SQL: SHOW COLUMNS FROM `fc_content_model` [ RunTime:0.0156s ]
SQL: SELECT `tablename` FROM `fc_content_model` WHERE ( modelid=10 ) LIMIT 1   [ RunTime:0.0000s ]
SQL: SHOW COLUMNS FROM `fc_content_product` [ RunTime:0.0000s ]
SQL: SELECT * FROM `fc_content_product` WHERE `status` = 99 AND `id` = 2 LIMIT 1   [ RunTime:0.0000s ]
SQL: SHOW COLUMNS FROM `fc_content_product_data` [ RunTime:0.0000s ]
SQL: SELECT * FROM `fc_content_product_data` WHERE `id` = 2 LIMIT 1   [ RunTime:0.0000s ]
SQL: SELECT `title`,`id` FROM `fc_content_product` WHERE `status` = 99 AND `catid` = 7 AND `id` < 2 LIMIT 1   [ RunTime:0.0000s ]
SQL: SELECT `title`,`id` FROM `fc_content_product` WHERE `status` = 99 AND `catid` = 7 AND `id` > 2 LIMIT 1   [ RunTime:0.0000s ]
SQL: SHOW COLUMNS FROM `fc_content_category` [ RunTime:0.0156s ]
SQL: SELECT * FROM `fc_content_category` ORDER BY listorder DESC  [ RunTime:0.0000s ]
INFO: [ view_parse ] --START--
INFO: [ template_filter ] --START--
INFO: Run Behavior\ContentReplaceBehavior [ RunTime:0.000000s ]
INFO: [ template_filter ] --END-- [ RunTime:0.000000s ]
NOTIC: [8] Undefined variable: index D:\Program Files\PHPStudy\WWW\Runtime\Cache\Home\e4517f0a7c76a26dc607fcd4d41e9edb.php 第 28 行.
SQL: SELECT `id`,`name`,`url` FROM `fc_content_category` WHERE `display` = 1 AND `status` = 1 AND `parentid` = 0 ORDER BY listorder DESC  [ RunTime:0.0156s ]
NOTIC: [2] Missing argument 2 for Content\Model\ContentModel::getContentList(), called in D:\Program Files\PHPStudy\WWW\Runtime\Cache\Home\e4517f0a7c76a26dc607fcd4d41e9edb.php on line 56 and defined D:\Program Files\PHPStudy\WWW\Modules\Content\Model\ContentModel.class.php 第 149 行.
NOTIC: [2] Missing argument 3 for Content\Model\ContentModel::getContentList(), called in D:\Program Files\PHPStudy\WWW\Runtime\Cache\Home\e4517f0a7c76a26dc607fcd4d41e9edb.php on line 56 and defined D:\Program Files\PHPStudy\WWW\Modules\Content\Model\ContentModel.class.php 第 149 行.
NOTIC: [2] Missing argument 4 for Content\Model\ContentModel::getContentList(), called in D:\Program Files\PHPStudy\WWW\Runtime\Cache\Home\e4517f0a7c76a26dc607fcd4d41e9edb.php on line 56 and defined D:\Program Files\PHPStudy\WWW\Modules\Content\Model\ContentModel.class.php 第 149 行.
NOTIC: [2] Missing argument 5 for Content\Model\ContentModel::getContentList(), called in D:\Program Files\PHPStudy\WWW\Runtime\Cache\Home\e4517f0a7c76a26dc607fcd4d41e9edb.php on line 56 and defined D:\Program Files\PHPStudy\WWW\Modules\Content\Model\ContentModel.class.php 第 149 行.
NOTIC: [2] Missing argument 6 for Content\Model\ContentModel::getContentList(), called in D:\Program Files\PHPStudy\WWW\Runtime\Cache\Home\e4517f0a7c76a26dc607fcd4d41e9edb.php on line 56 and defined D:\Program Files\PHPStudy\WWW\Modules\Content\Model\ContentModel.class.php 第 149 行.
NOTIC: [2] Missing argument 7 for Content\Model\ContentModel::getContentList(), called in D:\Program Files\PHPStudy\WWW\Runtime\Cache\Home\e4517f0a7c76a26dc607fcd4d41e9edb.php on line 56 and defined D:\Program Files\PHPStudy\WWW\Modules\Content\Model\ContentModel.class.php 第 149 行.
NOTIC: [2] Missing argument 8 for Content\Model\ContentModel::getContentList(), called in D:\Program Files\PHPStudy\WWW\Runtime\Cache\Home\e4517f0a7c76a26dc607fcd4d41e9edb.php on line 56 and defined D:\Program Files\PHPStudy\WWW\Modules\Content\Model\ContentModel.class.php 第 149 行.
NOTIC: [2] Missing argument 9 for Content\Model\ContentModel::getContentList(), called in D:\Program Files\PHPStudy\WWW\Runtime\Cache\Home\e4517f0a7c76a26dc607fcd4d41e9edb.php on line 56 and defined D:\Program Files\PHPStudy\WWW\Modules\Content\Model\ContentModel.class.php 第 149 行.
NOTIC: [8] Undefined variable: num D:\Program Files\PHPStudy\WWW\Modules\Content\Model\ContentModel.class.php 第 153 行.
NOTIC: [8] Undefined variable: order D:\Program Files\PHPStudy\WWW\Modules\Content\Model\ContentModel.class.php 第 154 行.
NOTIC: [8] Undefined variable: ispage D:\Program Files\PHPStudy\WWW\Modules\Content\Model\ContentModel.class.php 第 155 行.
NOTIC: [8] Undefined variable: condition D:\Program Files\PHPStudy\WWW\Modules\Content\Model\ContentModel.class.php 第 156 行.
SQL: SELECT `tablename` FROM `fc_content_model` WHERE ( modelid=1 ) LIMIT 1   [ RunTime:0.0000s ]
SQL: SHOW COLUMNS FROM `fc_content_news` [ RunTime:0.0000s ]
NOTIC: [8] Undefined index: a.disdel D:\Program Files\PHPStudy\WWW\Modules\Content\Model\ContentModel.class.php 第 163 行.
SQL: SHOW COLUMNS FROM `fc_content_category` [ RunTime:0.0000s ]
SQL: SELECT `path` FROM `fc_content_category` WHERE `id` = 1 LIMIT 1   [ RunTime:0.0000s ]
NOTIC: [8] Undefined variable: posid D:\Program Files\PHPStudy\WWW\Modules\Content\Model\ContentModel.class.php 第 177 行.
NOTIC: [8] Undefined variable: isimage D:\Program Files\PHPStudy\WWW\Modules\Content\Model\ContentModel.class.php 第 189 行.
NOTIC: [8] Undefined variable: addfields D:\Program Files\PHPStudy\WWW\Modules\Content\Model\ContentModel.class.php 第 220 行.
SQL: SELECT a.*,b.name as catname FROM fc_content_news as a LEFT JOIN fc_content_category as b on a.catid=b.id  WHERE a.status = 99 AND a.disdel = 0 AND (  b.path LIKE '-0-1-%' OR a.catid = 1 ) ORDER BY updatetime DESC LIMIT 10   [ RunTime:0.0000s ]
SQL: SELECT `id`,`name`,`url` FROM `fc_content_category` WHERE `display` = 1 AND `status` = 1 AND `parentid` = 6 ORDER BY listorder DESC  [ RunTime:0.0000s ]
SQL: SELECT `id`,`name`,`url` FROM `fc_content_category` WHERE `display` = 1 AND `status` = 1 AND `parentid` = 10 ORDER BY listorder DESC  [ RunTime:0.0000s ]
SQL: SELECT `id`,`name`,`url` FROM `fc_content_category` WHERE `display` = 1 AND `status` = 1 AND `parentid` = 2 ORDER BY listorder DESC  [ RunTime:0.0000s ]
SQL: SELECT `id`,`name`,`url` FROM `fc_content_category` WHERE `display` = 1 AND `status` = 1 AND `parentid` = 14 ORDER BY listorder DESC  [ RunTime:0.0000s ]
SQL: SELECT `id`,`name`,`url` FROM `fc_content_category` WHERE `display` = 1 AND `status` = 1 AND `parentid` = 16 ORDER BY listorder DESC  [ RunTime:0.0000s ]
SQL: SELECT `id`,`name`,`url` FROM `fc_content_category` WHERE `display` = 1 AND `status` = 1 AND `parentid` = 1 ORDER BY listorder DESC  [ RunTime:0.0000s ]
SQL: SELECT `id`,`name`,`url` FROM `fc_content_category` WHERE `display` = 1 AND `status` = 1 AND `parentid` = 6 ORDER BY listorder DESC  [ RunTime:0.0000s ]
INFO: Run Behavior\ParseTemplateBehavior [ RunTime:0.078125s ]
INFO: [ view_parse ] --END-- [ RunTime:0.078125s ]
INFO: [ view_filter ] --START--
INFO: Run Behavior\WriteHtmlCacheBehavior [ RunTime:0.000000s ]
INFO: [ view_filter ] --END-- [ RunTime:0.000000s ]
INFO: [ app_end ] --START--
INFO: Run Behavior\ShowPageTraceBehavior [ RunTime:0.015625s ]
SQL: SHOW COLUMNS FROM `fc_admin_behavior` [ RunTime:0.0469s ]
SQL: INSERT INTO `fc_admin_behavior` (`uid`,`timelong`,`memory`,`time`,`date1`,`date2`,`m`,`c`,`a`,`ip`,`data`) VALUES ('1','0.171875','840','1460044027','2016-04-07','2016-04-07 23','Home','Index','detail','127.0.0.1','catid/7/id/2') [ RunTime:0.0000s ]
INFO: Run Admin\Behavior\RecordEndBehavior [ RunTime:0.046875s ]
INFO: [ app_end ] --END-- [ RunTime:0.062500s ]

[ 2016-04-07T23:47:08+08:00 ] 127.0.0.1 /Home/Index/detail/catid/7/id/static/js/home.js?Jvw
INFO: [ app_init ] --START--
INFO: Run Behavior\BuildLiteBehavior [ RunTime:0.000000s ]
SQL: SHOW COLUMNS FROM `fc_admin_setting` [ RunTime:0.0000s ]
INFO: Run Admin\Behavior\SystemConfigBehavior [ RunTime:0.046875s ]
INFO: [ app_init ] --END-- [ RunTime:0.046875s ]
INFO: [ app_begin ] --START--
INFO: Run Behavior\ReadHtmlCacheBehavior [ RunTime:0.000000s ]
INFO: Run Admin\Behavior\RecordBeginBehavior [ RunTime:0.000000s ]
INFO: [ app_begin ] --END-- [ RunTime:0.000000s ]
SQL: SELECT * FROM `fc_admin_setting` WHERE `id` = 5 LIMIT 1   [ RunTime:0.0000s ]
SQL: SHOW COLUMNS FROM `fc_admin_cache` [ RunTime:0.0156s ]
SQL: SELECT COUNT(*) AS tp_count FROM `fc_admin_cache` WHERE `name` = 'b9a430006575f0e99a46432ac7fee877' LIMIT 1   [ RunTime:0.0000s ]
NOTIC: [2] Illegal offset type in isset or empty D:\Program Files\PHPStudy\WWW\ThinkPHP\Library\Think\Model.class.php 第 445 行.
SQL: UPDATE `fc_admin_cache` SET `name`='b9a430006575f0e99a46432ac7fee877',`title`='网站基本信息缓存',`namespace`='Admin\\Model\\SettingModel',`function`='getSetting',`args`='a:1:{i:0;i:5;}',`creattime`='1460044027',`long`='0',`clear`='0' WHERE `name` = 'b9a430006575f0e99a46432ac7fee877' [ RunTime:0.0000s ]
SQL: SHOW COLUMNS FROM `fc_content_category` [ RunTime:0.0156s ]
SQL: SHOW COLUMNS FROM `fc_content_nav` [ RunTime:0.0000s ]
SQL: SELECT * FROM `fc_content_nav` WHERE ( status=1 )  [ RunTime:0.0156s ]
SQL: SELECT `name`,`parentid`,`modelids`,`template2` FROM `fc_content_category` WHERE `id` = 7 LIMIT 1   [ RunTime:0.0000s ]
SQL: SELECT * FROM `fc_content_category` ORDER BY listorder DESC  [ RunTime:0.0000s ]
SQL: SHOW COLUMNS FROM `fc_content_model` [ RunTime:0.0000s ]
SQL: SELECT `tablename` FROM `fc_content_model` WHERE ( modelid=10 ) LIMIT 1   [ RunTime:0.0000s ]
SQL: SHOW COLUMNS FROM `fc_content_product` [ RunTime:0.0313s ]
SQL: SELECT * FROM `fc_content_product` WHERE `status` = 99 AND `id` = 0 LIMIT 1   [ RunTime:0.0000s ]
INFO: [ view_parse ] --START--
INFO: [ template_filter ] --START--
INFO: Run Behavior\ContentReplaceBehavior [ RunTime:0.000000s ]
INFO: [ template_filter ] --END-- [ RunTime:0.000000s ]
NOTIC: [8] Undefined variable: index D:\Program Files\PHPStudy\WWW\Runtime\Cache\Home\e4517f0a7c76a26dc607fcd4d41e9edb.php 第 28 行.
SQL: SELECT `id`,`name`,`url` FROM `fc_content_category` WHERE `display` = 1 AND `status` = 1 AND `parentid` = 0 ORDER BY listorder DESC  [ RunTime:0.0000s ]
NOTIC: [2] Missing argument 2 for Content\Model\ContentModel::getContentList(), called in D:\Program Files\PHPStudy\WWW\Runtime\Cache\Home\e4517f0a7c76a26dc607fcd4d41e9edb.php on line 56 and defined D:\Program Files\PHPStudy\WWW\Modules\Content\Model\ContentModel.class.php 第 149 行.
NOTIC: [2] Missing argument 3 for Content\Model\ContentModel::getContentList(), called in D:\Program Files\PHPStudy\WWW\Runtime\Cache\Home\e4517f0a7c76a26dc607fcd4d41e9edb.php on line 56 and defined D:\Program Files\PHPStudy\WWW\Modules\Content\Model\ContentModel.class.php 第 149 行.
NOTIC: [2] Missing argument 4 for Content\Model\ContentModel::getContentList(), called in D:\Program Files\PHPStudy\WWW\Runtime\Cache\Home\e4517f0a7c76a26dc607fcd4d41e9edb.php on line 56 and defined D:\Program Files\PHPStudy\WWW\Modules\Content\Model\ContentModel.class.php 第 149 行.
NOTIC: [2] Missing argument 5 for Content\Model\ContentModel::getContentList(), called in D:\Program Files\PHPStudy\WWW\Runtime\Cache\Home\e4517f0a7c76a26dc607fcd4d41e9edb.php on line 56 and defined D:\Program Files\PHPStudy\WWW\Modules\Content\Model\ContentModel.class.php 第 149 行.
NOTIC: [2] Missing argument 6 for Content\Model\ContentModel::getContentList(), called in D:\Program Files\PHPStudy\WWW\Runtime\Cache\Home\e4517f0a7c76a26dc607fcd4d41e9edb.php on line 56 and defined D:\Program Files\PHPStudy\WWW\Modules\Content\Model\ContentModel.class.php 第 149 行.
NOTIC: [2] Missing argument 7 for Content\Model\ContentModel::getContentList(), called in D:\Program Files\PHPStudy\WWW\Runtime\Cache\Home\e4517f0a7c76a26dc607fcd4d41e9edb.php on line 56 and defined D:\Program Files\PHPStudy\WWW\Modules\Content\Model\ContentModel.class.php 第 149 行.
NOTIC: [2] Missing argument 8 for Content\Model\ContentModel::getContentList(), called in D:\Program Files\PHPStudy\WWW\Runtime\Cache\Home\e4517f0a7c76a26dc607fcd4d41e9edb.php on line 56 and defined D:\Program Files\PHPStudy\WWW\Modules\Content\Model\ContentModel.class.php 第 149 行.
NOTIC: [2] Missing argument 9 for Content\Model\ContentModel::getContentList(), called in D:\Program Files\PHPStudy\WWW\Runtime\Cache\Home\e4517f0a7c76a26dc607fcd4d41e9edb.php on line 56 and defined D:\Program Files\PHPStudy\WWW\Modules\Content\Model\ContentModel.class.php 第 149 行.
NOTIC: [8] Undefined variable: num D:\Program Files\PHPStudy\WWW\Modules\Content\Model\ContentModel.class.php 第 153 行.
NOTIC: [8] Undefined variable: order D:\Program Files\PHPStudy\WWW\Modules\Content\Model\ContentModel.class.php 第 154 行.
NOTIC: [8] Undefined variable: ispage D:\Program Files\PHPStudy\WWW\Modules\Content\Model\ContentModel.class.php 第 155 行.
NOTIC: [8] Undefined variable: condition D:\Program Files\PHPStudy\WWW\Modules\Content\Model\ContentModel.class.php 第 156 行.
SQL: SELECT `tablename` FROM `fc_content_model` WHERE ( modelid=1 ) LIMIT 1   [ RunTime:0.0000s ]
SQL: SHOW COLUMNS FROM `fc_content_news` [ RunTime:0.0000s ]
NOTIC: [8] Undefined index: a.disdel D:\Program Files\PHPStudy\WWW\Modules\Content\Model\ContentModel.class.php 第 163 行.
SQL: SHOW COLUMNS FROM `fc_content_category` [ RunTime:0.0156s ]
SQL: SELECT `path` FROM `fc_content_category` WHERE `id` = 1 LIMIT 1   [ RunTime:0.0000s ]
NOTIC: [8] Undefined variable: posid D:\Program Files\PHPStudy\WWW\Modules\Content\Model\ContentModel.class.php 第 177 行.
NOTIC: [8] Undefined variable: isimage D:\Program Files\PHPStudy\WWW\Modules\Content\Model\ContentModel.class.php 第 189 行.
NOTIC: [8] Undefined variable: addfields D:\Program Files\PHPStudy\WWW\Modules\Content\Model\ContentModel.class.php 第 220 行.
SQL: SELECT a.*,b.name as catname FROM fc_content_news as a LEFT JOIN fc_content_category as b on a.catid=b.id  WHERE a.status = 99 AND a.disdel = 0 AND (  b.path LIKE '-0-1-%' OR a.catid = 1 ) ORDER BY updatetime DESC LIMIT 10   [ RunTime:0.0000s ]
SQL: SELECT `id`,`name`,`url` FROM `fc_content_category` WHERE `display` = 1 AND `status` = 1 AND `parentid` = 6 ORDER BY listorder DESC  [ RunTime:0.0000s ]
SQL: SELECT `id`,`name`,`url` FROM `fc_content_category` WHERE `display` = 1 AND `status` = 1 AND `parentid` = 10 ORDER BY listorder DESC  [ RunTime:0.0000s ]
SQL: SELECT `id`,`name`,`url` FROM `fc_content_category` WHERE `display` = 1 AND `status` = 1 AND `parentid` = 2 ORDER BY listorder DESC  [ RunTime:0.0000s ]
SQL: SELECT `id`,`name`,`url` FROM `fc_content_category` WHERE `display` = 1 AND `status` = 1 AND `parentid` = 14 ORDER BY listorder DESC  [ RunTime:0.0000s ]
SQL: SELECT `id`,`name`,`url` FROM `fc_content_category` WHERE `display` = 1 AND `status` = 1 AND `parentid` = 16 ORDER BY listorder DESC  [ RunTime:0.0000s ]
SQL: SELECT `id`,`name`,`url` FROM `fc_content_category` WHERE `display` = 1 AND `status` = 1 AND `parentid` = 1 ORDER BY listorder DESC  [ RunTime:0.0000s ]
SQL: SELECT `id`,`name`,`url` FROM `fc_content_category` WHERE `display` = 1 AND `status` = 1 AND `parentid` = 6 ORDER BY listorder DESC  [ RunTime:0.0000s ]
INFO: Run Behavior\ParseTemplateBehavior [ RunTime:0.062500s ]
INFO: [ view_parse ] --END-- [ RunTime:0.062500s ]
INFO: [ view_filter ] --START--
INFO: Run Behavior\WriteHtmlCacheBehavior [ RunTime:0.000000s ]
INFO: [ view_filter ] --END-- [ RunTime:0.000000s ]
INFO: [ app_end ] --START--
INFO: Run Behavior\ShowPageTraceBehavior [ RunTime:0.000000s ]
SQL: SHOW COLUMNS FROM `fc_admin_behavior` [ RunTime:0.0000s ]
SQL: INSERT INTO `fc_admin_behavior` (`uid`,`timelong`,`memory`,`time`,`date1`,`date2`,`m`,`c`,`a`,`ip`,`data`) VALUES ('1','0.15625','824','1460044028','2016-04-07','2016-04-07 23','Home','Index','detail','127.0.0.1','catid/7/id/static/js/home.js/Jvw/') [ RunTime:0.0000s ]
INFO: Run Admin\Behavior\RecordEndBehavior [ RunTime:0.000000s ]
INFO: [ app_end ] --END-- [ RunTime:0.000000s ]

[ 2016-04-07T23:47:30+08:00 ] 127.0.0.1 /
INFO: [ app_init ] --START--
INFO: Run Behavior\BuildLiteBehavior [ RunTime:0.000000s ]
SQL: SHOW COLUMNS FROM `fc_admin_setting` [ RunTime:0.0156s ]
INFO: Run Admin\Behavior\SystemConfigBehavior [ RunTime:0.078125s ]
INFO: [ app_init ] --END-- [ RunTime:0.078125s ]
INFO: [ app_begin ] --START--
INFO: Run Behavior\ReadHtmlCacheBehavior [ RunTime:0.000000s ]
INFO: Run Admin\Behavior\RecordBeginBehavior [ RunTime:0.000000s ]
INFO: [ app_begin ] --END-- [ RunTime:0.000000s ]

[ 2016-04-07T23:48:13+08:00 ] 192.168.1.122 /
INFO: [ app_init ] --START--
INFO: Run Behavior\BuildLiteBehavior [ RunTime:0.000000s ]
SQL: SHOW COLUMNS FROM `fc_admin_setting` [ RunTime:0.0000s ]
INFO: Run Admin\Behavior\SystemConfigBehavior [ RunTime:0.046875s ]
INFO: [ app_init ] --END-- [ RunTime:0.046875s ]
INFO: [ app_begin ] --START--
INFO: Run Behavior\ReadHtmlCacheBehavior [ RunTime:0.000000s ]
INFO: Run Admin\Behavior\RecordBeginBehavior [ RunTime:0.000000s ]
INFO: [ app_begin ] --END-- [ RunTime:0.000000s ]

